This is pdfTeX, Version 3.14159265-2.6-1.40.20 (TeX Live 2019/Debian) (preloaded format=pdflatex 2023.5.24)  26 MAY 2023 09:38
entering extended mode
 restricted \write18 enabled.
 %&-line parsing enabled.
**refman.tex
(./refman.tex
LaTeX2e <2020-02-02> patch level 2
L3 programming layer <2020-02-14>
(/usr/share/texlive/texmf-dist/tex/latex/base/article.cls
Document Class: article 2019/12/20 v1.4l Standard LaTeX document class
(/usr/share/texlive/texmf-dist/tex/latex/base/size10.clo
File: size10.clo 2019/12/20 v1.4l Standard LaTeX file (size option)
)
\c@part=\count167
\c@section=\count168
\c@subsection=\count169
\c@subsubsection=\count170
\c@paragraph=\count171
\c@subparagraph=\count172
\c@figure=\count173
\c@table=\count174
\abovecaptionskip=\skip47
\belowcaptionskip=\skip48
\bibindent=\dimen134
)
(/usr/share/texlive/texmf-dist/tex/latex/base/ifthen.sty
Package: ifthen 2014/09/29 v1.1c Standard LaTeX ifthen package (DPC)
)
(/usr/share/texlive/texmf-dist/tex/latex/tools/array.sty
Rollback for package 'array' requested -> date 2016-10-06.
         Best approximation is the release introduced on 2016-10-06.

(/usr/share/texlive/texmf-dist/tex/latex/tools/array-2016-10-06.sty
Package: array 2016/10/06 v2.4d Tabular extension package (FMi)
\col@sep=\dimen135
\extrarowheight=\dimen136
\NC@list=\toks14
\extratabsurround=\skip49
\backup@length=\skip50
))
(/usr/share/texlive/texmf-dist/tex/latex/base/fixltx2e.sty
Package: fixltx2e 2016/12/29 v2.1a fixes to LaTeX (obsolete)
Applying: [2015/01/01] Old fixltx2e package on input line 46.


Package fixltx2e Warning: fixltx2e is not required with releases after 2015
(fixltx2e)                All fixes are now in the LaTeX kernel.
(fixltx2e)                See the latexrelease package for details.

Already applied: [0000/00/00] Old fixltx2e package on input line 53.
) (/usr/share/texlive/texmf-dist/tex/latex/tools/calc.sty
Package: calc 2017/05/25 v4.3 Infix arithmetic (KKT,FJ)
\calc@Acount=\count175
\calc@Bcount=\count176
\calc@Adimen=\dimen137
\calc@Bdimen=\dimen138
\calc@Askip=\skip51
\calc@Bskip=\skip52
LaTeX Info: Redefining \setlength on input line 80.
LaTeX Info: Redefining \addtolength on input line 81.
\calc@Ccount=\count177
\calc@Cskip=\skip53
) (./doxygen.sty
Package: doxygen 

(/usr/share/texlive/texmf-dist/tex/latex/base/alltt.sty
Package: alltt 1997/06/16 v2.0g defines alltt environment
)
(/usr/share/texlive/texmf-dist/tex/latex/float/float.sty
Package: float 2001/11/08 v1.3d Float enhancements (AL)
\c@float@type=\count178
\float@exts=\toks15
\float@box=\box45
\@float@everytoks=\toks16
\@floatcapt=\box46
)
(/usr/share/texlive/texmf-dist/tex/latex/tools/verbatim.sty
Package: verbatim 2019/11/10 v1.5r LaTeX2e package for verbatim enhancements
\every@verbatim=\toks17
\verbatim@line=\toks18
\verbatim@in@stream=\read2
)
(/usr/share/texlive/texmf-dist/tex/latex/xcolor/xcolor.sty
Package: xcolor 2016/05/11 v2.12 LaTeX color extensions (UK)

(/usr/share/texlive/texmf-dist/tex/latex/graphics-cfg/color.cfg
File: color.cfg 2016/01/02 v1.6 sample color configuration
)
Package xcolor Info: Driver file: pdftex.def on input line 225.

(/usr/share/texlive/texmf-dist/tex/latex/graphics-def/pdftex.def
File: pdftex.def 2018/01/08 v1.0l Graphics/color driver for pdftex
)
(/usr/share/texlive/texmf-dist/tex/latex/colortbl/colortbl.sty
Package: colortbl 2020/01/04 v1.0e Color table columns (DPC)
\everycr=\toks19
\minrowclearance=\skip54
)
\rownum=\count179
Package xcolor Info: Model `cmy' substituted by `cmy0' on input line 1348.
Package xcolor Info: Model `hsb' substituted by `rgb' on input line 1352.
Package xcolor Info: Model `RGB' extended on input line 1364.
Package xcolor Info: Model `HTML' substituted by `rgb' on input line 1366.
Package xcolor Info: Model `Hsb' substituted by `hsb' on input line 1367.
Package xcolor Info: Model `tHsb' substituted by `hsb' on input line 1368.
Package xcolor Info: Model `HSB' substituted by `hsb' on input line 1369.
Package xcolor Info: Model `Gray' substituted by `gray' on input line 1370.
Package xcolor Info: Model `wave' substituted by `hsb' on input line 1371.
)
(./longtable_doxygen.sty
Package: longtable_doxygen 2014/10/28 v4.11 Multi-page Table package (DPC) - fr
ozen version for doxygen
\LTleft=\skip55
\LTright=\skip56
\LTpre=\skip57
\LTpost=\skip58
\LTchunksize=\count180
\LTcapwidth=\dimen139
\LT@head=\box47
\LT@firsthead=\box48
\LT@foot=\box49
\LT@lastfoot=\box50
\LT@cols=\count181
\LT@rows=\count182
\c@LT@tables=\count183
\c@LT@chunks=\count184
\LT@p@ftn=\toks20
) (./tabu_doxygen.sty
Package: tabu_doxygen 2011/02/26 v2.8 - flexible LaTeX tabulars (FC), frozen ve
rsion for doxygen

(/usr/share/texlive/texmf-dist/tex/latex/varwidth/varwidth.sty
Package: varwidth 2009/03/30 ver 0.92;  Variable-width minipages
\@vwid@box=\box51
\sift@deathcycles=\count185
\@vwid@loff=\dimen140
\@vwid@roff=\dimen141
)
\c@taburow=\count186
\tabu@nbcols=\count187
\tabu@cnt=\count188
\tabu@Xcol=\count189
\tabu@alloc=\count190
\tabu@nested=\count191
\tabu@target=\dimen142
\tabu@spreadtarget=\dimen143
\tabu@naturalX=\dimen144
\tabucolX=\dimen145
\tabu@Xsum=\dimen146
\extrarowdepth=\dimen147
\abovetabulinesep=\dimen148
\belowtabulinesep=\dimen149
\tabustrutrule=\dimen150
\tabu@thebody=\toks21
\tabu@footnotes=\toks22
\tabu@box=\box52
\tabu@arstrutbox=\box53
\tabu@hleads=\box54
\tabu@vleads=\box55
\tabu@cellskip=\skip59
)
(/usr/share/texlive/texmf-dist/tex/latex/fancyvrb/fancyvrb.sty
Package: fancyvrb 2020/01/13 v3.5 verbatim text (tvz,hv)

(/usr/share/texlive/texmf-dist/tex/latex/graphics/keyval.sty
Package: keyval 2014/10/28 v1.15 key=value parser (DPC)
\KV@toks@=\toks23
)
\FV@CodeLineNo=\count192
\FV@InFile=\read3
\FV@TabBox=\box56
\c@FancyVerbLine=\count193
\FV@StepNumber=\count194
\FV@OutFile=\write3
)
(/usr/share/texlive/texmf-dist/tex/latex/tools/tabularx.sty
Package: tabularx 2020/01/15 v2.11c `tabularx' package (DPC)
\TX@col@width=\dimen151
\TX@old@table=\dimen152
\TX@old@col=\dimen153
\TX@target=\dimen154
\TX@delta=\dimen155
\TX@cols=\count195
\TX@ftn=\toks24
)
(/usr/share/texlive/texmf-dist/tex/latex/multirow/multirow.sty
Package: multirow 2019/05/31 v2.5 Span multiple rows of a table
\multirow@colwidth=\skip60
\multirow@cntb=\count196
\multirow@dima=\skip61
\bigstrutjot=\dimen156
)
(/usr/share/texlive/texmf-dist/tex/latex/hanging/hanging.sty
Package: hanging 2009/09/02 v1.2b hanging paragraphs and punctuation
\h@ngcommawd=\skip62
\h@ngfstopwd=\skip63
\h@ngquotewd=\skip64
\h@ngdquotewd=\skip65
\h@ngquerywd=\skip66
\h@ngexclwd=\skip67
\h@ngcolonwd=\skip68
\h@ngscolonwd=\skip69
)
(/usr/share/texlive/texmf-dist/tex/generic/iftex/ifpdf.sty
Package: ifpdf 2019/10/25 v3.4 ifpdf legacy package. Use iftex instead.

(/usr/share/texlive/texmf-dist/tex/generic/iftex/iftex.sty
Package: iftex 2019/11/07 v1.0c TeX engine tests
))
(/usr/share/texlive/texmf-dist/tex/latex/adjustbox/adjustbox.sty
Package: adjustbox 2019/01/04 v1.2 Adjusting TeX boxes (trim, clip, ...)

(/usr/share/texlive/texmf-dist/tex/latex/xkeyval/xkeyval.sty
Package: xkeyval 2014/12/03 v2.7a package option processing (HA)

(/usr/share/texlive/texmf-dist/tex/generic/xkeyval/xkeyval.tex
(/usr/share/texlive/texmf-dist/tex/generic/xkeyval/xkvutils.tex
\XKV@toks=\toks25
\XKV@tempa@toks=\toks26
)
\XKV@depth=\count197
File: xkeyval.tex 2014/12/03 v2.7a key=value parser (HA)
))
(/usr/share/texlive/texmf-dist/tex/latex/adjustbox/adjcalc.sty
Package: adjcalc 2012/05/16 v1.1 Provides advanced setlength with multiple back
-ends (calc, etex, pgfmath)
)
(/usr/share/texlive/texmf-dist/tex/latex/adjustbox/trimclip.sty
Package: trimclip 2018/04/08 v1.1 Trim and clip general TeX material

(/usr/share/texlive/texmf-dist/tex/latex/graphics/graphicx.sty
Package: graphicx 2019/11/30 v1.2a Enhanced LaTeX Graphics (DPC,SPQR)

(/usr/share/texlive/texmf-dist/tex/latex/graphics/graphics.sty
Package: graphics 2019/11/30 v1.4a Standard LaTeX Graphics (DPC,SPQR)

(/usr/share/texlive/texmf-dist/tex/latex/graphics/trig.sty
Package: trig 2016/01/03 v1.10 sin cos tan (DPC)
)
(/usr/share/texlive/texmf-dist/tex/latex/graphics-cfg/graphics.cfg
File: graphics.cfg 2016/06/04 v1.11 sample graphics configuration
)
Package graphics Info: Driver file: pdftex.def on input line 105.
)
\Gin@req@height=\dimen157
\Gin@req@width=\dimen158
)
(/usr/share/texlive/texmf-dist/tex/latex/collectbox/collectbox.sty
Package: collectbox 2012/05/17 v0.4b Collect macro arguments as boxes
\collectedbox=\box57
)
\tc@llx=\dimen159
\tc@lly=\dimen160
\tc@urx=\dimen161
\tc@ury=\dimen162
Package trimclip Info: Using driver 'tc-pdftex.def'.

(/usr/share/texlive/texmf-dist/tex/latex/adjustbox/tc-pdftex.def
File: tc-pdftex.def 2019/01/04 v2.2 Clipping driver for pdftex
))
\adjbox@Width=\dimen163
\adjbox@Height=\dimen164
\adjbox@Depth=\dimen165
\adjbox@Totalheight=\dimen166
\adjbox@pwidth=\dimen167
\adjbox@pheight=\dimen168
\adjbox@pdepth=\dimen169
\adjbox@ptotalheight=\dimen170

(/usr/share/texlive/texmf-dist/tex/latex/ifoddpage/ifoddpage.sty
Package: ifoddpage 2016/04/23 v1.1 Conditionals for odd/even page detection
\c@checkoddpage=\count198
))
(/usr/share/texlive/texmf-dist/tex/latex/amsfonts/amssymb.sty
Package: amssymb 2013/01/14 v3.01 AMS font symbols

(/usr/share/texlive/texmf-dist/tex/latex/amsfonts/amsfonts.sty
Package: amsfonts 2013/01/14 v3.01 Basic AMSFonts support
\@emptytoks=\toks27
\symAMSa=\mathgroup4
\symAMSb=\mathgroup5
LaTeX Font Info:    Redeclaring math symbol \hbar on input line 98.
LaTeX Font Info:    Overwriting math alphabet `\mathfrak' in version `bold'
(Font)                  U/euf/m/n --> U/euf/b/n on input line 106.
))
(/usr/share/texlive/texmf-dist/tex/latex/stackengine/stackengine.sty
Package: stackengine 2017/02/13 v4.01\ Stacking text and objects in convenient 
ways

(/usr/share/texlive/texmf-dist/tex/latex/etoolbox/etoolbox.sty
Package: etoolbox 2019/09/21 v2.5h e-TeX tools for LaTeX (JAW)
\etb@tempcnta=\count199
)
(/usr/share/texlive/texmf-dist/tex/generic/listofitems/listofitems.sty
(/usr/share/texlive/texmf-dist/tex/generic/listofitems/listofitems.tex
\loi_cnt_foreach_nest=\count266
\loi_nestcnt=\count267
)
Package: listofitems 2019/08/21 v1.63 Grab items in lists using user-specified 
sep char (CT)
)
\c@@stackindex=\count268
\@boxshift=\skip70
\stack@tmplength=\skip71
\temp@stkl=\skip72
\@stackedboxwidth=\skip73
\@addedbox=\box58
\@anchorbox=\box59
\stackedbox=\box60
\@centerbox=\box61
\c@ROWcellindex@=\count269
)
(/usr/share/texlive/texmf-dist/tex/generic/ulem/ulem.sty
\UL@box=\box62
\UL@hyphenbox=\box63
\UL@skip=\skip74
\UL@hook=\toks28
\UL@height=\dimen171
\UL@pe=\count270
\UL@pixel=\dimen172
\ULC@box=\box64
Package: ulem 2019/11/18
\ULdepth=\dimen173
)
\xrefbox=\box65
\xreflength=\skip75
\CodeWidthChar=\skip76
\CodeHeightChar=\skip77
\DoxyCodeWidth=\skip78
)
(/usr/share/texlive/texmf-dist/tex/latex/base/inputenc.sty
Package: inputenc 2018/08/11 v1.3c Input encoding file
\inpenc@prehook=\toks29
\inpenc@posthook=\toks30
)
(/usr/share/texlive/texmf-dist/tex/latex/base/makeidx.sty
Package: makeidx 2014/09/29 v1.0m Standard LaTeX package
)
(/usr/share/texlive/texmf-dist/tex/latex/tools/multicol.sty
Package: multicol 2019/12/09 v1.8y multicolumn formatting (FMi)
\c@tracingmulticols=\count271
\mult@box=\box66
\multicol@leftmargin=\dimen174
\c@unbalance=\count272
\c@collectmore=\count273
\doublecol@number=\count274
\multicoltolerance=\count275
\multicolpretolerance=\count276
\full@width=\dimen175
\page@free=\dimen176
\premulticols=\dimen177
\postmulticols=\dimen178
\multicolsep=\skip79
\multicolbaselineskip=\skip80
\partial@page=\box67
\last@line=\box68
\maxbalancingoverflow=\dimen179
\mult@rightbox=\box69
\mult@grightbox=\box70
\mult@gfirstbox=\box71
\mult@firstbox=\box72
\@tempa=\box73
\@tempa=\box74
\@tempa=\box75
\@tempa=\box76
\@tempa=\box77
\@tempa=\box78
\@tempa=\box79
\@tempa=\box80
\@tempa=\box81
\@tempa=\box82
\@tempa=\box83
\@tempa=\box84
\@tempa=\box85
\@tempa=\box86
\@tempa=\box87
\@tempa=\box88
\@tempa=\box89
\@tempa=\box90
\@tempa=\box91
\@tempa=\box92
\@tempa=\box93
\@tempa=\box94
\@tempa=\box95
\@tempa=\box96
\@tempa=\box97
\@tempa=\box98
\@tempa=\box99
\@tempa=\box100
\@tempa=\box101
\@tempa=\box102
\@tempa=\box103
\@tempa=\box104
\@tempa=\box105
\@tempa=\box106
\@tempa=\box107
\@tempa=\box108
\@tempa=\box109
\c@minrows=\count277
\c@columnbadness=\count278
\c@finalcolumnbadness=\count279
\last@try=\dimen180
\multicolovershoot=\dimen181
\multicolundershoot=\dimen182
\mult@nat@firstbox=\box110
\colbreak@box=\box111
\mc@col@check@num=\count280
)
(/usr/share/texlive/texmf-dist/tex/latex/base/textcomp.sty
Package: textcomp 2020/02/02 v2.0n Standard LaTeX package
)
(/usr/share/texlive/texmf-dist/tex/latex/wasysym/wasysym.sty
Package: wasysym 2020/01/19 v2.4 Wasy-2 symbol support package
\symwasy=\mathgroup6
LaTeX Font Info:    Overwriting symbol font `wasy' in version `bold'
(Font)                  U/wasy/m/n --> U/wasy/b/n on input line 93.
)
(/usr/share/texlive/texmf-dist/tex/generic/iftex/ifxetex.sty
Package: ifxetex 2019/10/25 v0.7 ifxetex legacy package. Use iftex instead.
)
(/usr/share/texlive/texmf-dist/tex/latex/base/fontenc.sty
Package: fontenc 2020/02/11 v2.0o Standard LaTeX package
)
(/usr/share/texlive/texmf-dist/tex/latex/psnfss/helvet.sty
Package: helvet 2005/04/12 PSNFSS-v9.2a (WaS) 
)
(/usr/share/texlive/texmf-dist/tex/latex/psnfss/courier.sty
Package: courier 2005/04/12 PSNFSS-v9.2a (WaS) 
)
(/usr/share/texlive/texmf-dist/tex/latex/sectsty/sectsty.sty
Package: sectsty 2002/02/25 v2.0.2 Commands to change all sectional heading sty
les


LaTeX Warning: Command \underbar  has changed.
               Check if current package is valid.


LaTeX Warning: Command \underline  has changed.
               Check if current package is valid.

) (/usr/share/texlive/texmf-dist/tex/latex/geometry/geometry.sty
Package: geometry 2020/01/02 v5.9 Page Geometry

(/usr/share/texlive/texmf-dist/tex/generic/iftex/ifvtex.sty
Package: ifvtex 2019/10/25 v1.7 ifvtex legacy package. Use iftex instead.
)
\Gm@cnth=\count281
\Gm@cntv=\count282
\c@Gm@tempcnt=\count283
\Gm@bindingoffset=\dimen183
\Gm@wd@mp=\dimen184
\Gm@odd@mp=\dimen185
\Gm@even@mp=\dimen186
\Gm@layoutwidth=\dimen187
\Gm@layoutheight=\dimen188
\Gm@layouthoffset=\dimen189
\Gm@layoutvoffset=\dimen190
\Gm@dimlist=\toks31
)
(/usr/share/texlive/texmf-dist/tex/latex/fancyhdr/fancyhdr.sty
Package: fancyhdr 2019/01/31 v3.10 Extensive control of page headers and footer
s
\f@nch@headwidth=\skip81
\f@nch@O@elh=\skip82
\f@nch@O@erh=\skip83
\f@nch@O@olh=\skip84
\f@nch@O@orh=\skip85
\f@nch@O@elf=\skip86
\f@nch@O@erf=\skip87
\f@nch@O@olf=\skip88
\f@nch@O@orf=\skip89
)
(/usr/share/texlive/texmf-dist/tex/latex/natbib/natbib.sty
Package: natbib 2010/09/13 8.31b (PWD, AO)
\bibhang=\skip90
\bibsep=\skip91
LaTeX Info: Redefining \cite on input line 694.
\c@NAT@ctr=\count284
)
(/usr/share/texlive/texmf-dist/tex/latex/tocloft/tocloft.sty
Package: tocloft 2017/08/31 v2.3i parameterised ToC, etc., typesetting
Package tocloft Info: The document has section divisions on input line 51.
\cftparskip=\skip92
\cftbeforetoctitleskip=\skip93
\cftaftertoctitleskip=\skip94
\cftbeforepartskip=\skip95
\cftpartnumwidth=\skip96
\cftpartindent=\skip97
\cftbeforesecskip=\skip98
\cftsecindent=\skip99
\cftsecnumwidth=\skip100
\cftbeforesubsecskip=\skip101
\cftsubsecindent=\skip102
\cftsubsecnumwidth=\skip103
\cftbeforesubsubsecskip=\skip104
\cftsubsubsecindent=\skip105
\cftsubsubsecnumwidth=\skip106
\cftbeforeparaskip=\skip107
\cftparaindent=\skip108
\cftparanumwidth=\skip109
\cftbeforesubparaskip=\skip110
\cftsubparaindent=\skip111
\cftsubparanumwidth=\skip112
\cftbeforeloftitleskip=\skip113
\cftafterloftitleskip=\skip114
\cftbeforefigskip=\skip115
\cftfigindent=\skip116
\cftfignumwidth=\skip117
\c@lofdepth=\count285
\c@lotdepth=\count286
\cftbeforelottitleskip=\skip118
\cftafterlottitleskip=\skip119
\cftbeforetabskip=\skip120
\cfttabindent=\skip121
\cfttabnumwidth=\skip122
)
\@indexfile=\write4
\openout4 = `refman.idx'.


Writing index file refman.idx
(/usr/share/texlive/texmf-dist/tex/latex/newunicodechar/newunicodechar.sty
Package: newunicodechar 2018/04/08 v1.2 Defining Unicode characters
)

Package newunicodechar Warning: Redefining Unicode character on input line 113.



Package newunicodechar Warning: Redefining Unicode character on input line 114.


(/usr/share/texlive/texmf-dist/tex/latex/hyperref/hyperref.sty
Package: hyperref 2020/01/14 v7.00d Hypertext links for LaTeX

(/usr/share/texlive/texmf-dist/tex/generic/ltxcmds/ltxcmds.sty
Package: ltxcmds 2019/12/15 v1.24 LaTeX kernel commands for general use (HO)
)
(/usr/share/texlive/texmf-dist/tex/latex/pdftexcmds/pdftexcmds.sty
Package: pdftexcmds 2019/11/24 v0.31 Utility functions of pdfTeX for LuaTeX (HO
)

(/usr/share/texlive/texmf-dist/tex/generic/infwarerr/infwarerr.sty
Package: infwarerr 2019/12/03 v1.5 Providing info/warning/error messages (HO)
)
Package pdftexcmds Info: \pdf@primitive is available.
Package pdftexcmds Info: \pdf@ifprimitive is available.
Package pdftexcmds Info: \pdfdraftmode found.
)
(/usr/share/texlive/texmf-dist/tex/generic/kvsetkeys/kvsetkeys.sty
Package: kvsetkeys 2019/12/15 v1.18 Key value parser (HO)
)
(/usr/share/texlive/texmf-dist/tex/generic/kvdefinekeys/kvdefinekeys.sty
Package: kvdefinekeys 2019-12-19 v1.6 Define keys (HO)
)
(/usr/share/texlive/texmf-dist/tex/generic/pdfescape/pdfescape.sty
Package: pdfescape 2019/12/09 v1.15 Implements pdfTeX's escape features (HO)
)
(/usr/share/texlive/texmf-dist/tex/latex/hycolor/hycolor.sty
Package: hycolor 2020-01-27 v1.10 Color options for hyperref/bookmark (HO)
)
(/usr/share/texlive/texmf-dist/tex/latex/letltxmacro/letltxmacro.sty
Package: letltxmacro 2019/12/03 v1.6 Let assignment for LaTeX macros (HO)
)
(/usr/share/texlive/texmf-dist/tex/latex/auxhook/auxhook.sty
Package: auxhook 2019-12-17 v1.6 Hooks for auxiliary files (HO)
)
(/usr/share/texlive/texmf-dist/tex/latex/kvoptions/kvoptions.sty
Package: kvoptions 2019/11/29 v3.13 Key value format for package options (HO)
)
\@linkdim=\dimen191
\Hy@linkcounter=\count287
\Hy@pagecounter=\count288

(/usr/share/texlive/texmf-dist/tex/latex/hyperref/pd1enc.def
File: pd1enc.def 2020/01/14 v7.00d Hyperref: PDFDocEncoding definition (HO)
Now handling font encoding PD1 ...
... no UTF-8 mapping file for font encoding PD1
)
(/usr/share/texlive/texmf-dist/tex/generic/intcalc/intcalc.sty
Package: intcalc 2019/12/15 v1.3 Expandable calculations with integers (HO)
)
(/usr/share/texlive/texmf-dist/tex/generic/etexcmds/etexcmds.sty
Package: etexcmds 2019/12/15 v1.7 Avoid name clashes with e-TeX commands (HO)
)
\Hy@SavedSpaceFactor=\count289
\pdfmajorversion=\count290
Package hyperref Info: Hyper figures OFF on input line 4547.
Package hyperref Info: Link nesting OFF on input line 4552.
Package hyperref Info: Hyper index ON on input line 4555.
Package hyperref Info: Plain pages OFF on input line 4562.
Package hyperref Info: Backreferencing ON on input line 4565.
Package hyperref Info: Implicit mode ON; LaTeX internals redefined.
Package hyperref Info: Bookmarks ON on input line 4800.

(/usr/share/texlive/texmf-dist/tex/latex/hyperref/backref.sty
Package: backref 2020/01/14 v1.40 Bibliographical back referencing

(/usr/share/texlive/texmf-dist/tex/latex/rerunfilecheck/rerunfilecheck.sty
Package: rerunfilecheck 2019/12/05 v1.9 Rerun checks for auxiliary files (HO)

(/usr/share/texlive/texmf-dist/tex/latex/atveryend/atveryend.sty
Package: atveryend 2019-12-11 v1.11 Hooks at the very end of document (HO)
)
(/usr/share/texlive/texmf-dist/tex/generic/uniquecounter/uniquecounter.sty
Package: uniquecounter 2019/12/15 v1.4 Provide unlimited unique counter (HO)

(/usr/share/texlive/texmf-dist/tex/generic/bigintcalc/bigintcalc.sty
Package: bigintcalc 2019/12/15 v1.5 Expandable calculations on big integers (HO
)
))
Package uniquecounter Info: New unique counter `rerunfilecheck' on input line 2
86.
))
\c@Hy@tempcnt=\count291

(/usr/share/texlive/texmf-dist/tex/latex/url/url.sty
\Urlmuskip=\muskip16
Package: url 2013/09/16  ver 3.4  Verb mode for urls, etc.
)
LaTeX Info: Redefining \url on input line 5159.
\XeTeXLinkMargin=\dimen192

(/usr/share/texlive/texmf-dist/tex/generic/bitset/bitset.sty
Package: bitset 2019/12/09 v1.3 Handle bit-vector datatype (HO)
)
\Fld@menulength=\count292
\Field@Width=\dimen193
\Fld@charsize=\dimen194
Package hyperref Info: Hyper figures OFF on input line 6430.
Package hyperref Info: Link nesting OFF on input line 6435.
Package hyperref Info: Hyper index ON on input line 6438.
Package hyperref Info: backreferencing ON on input line 6443.
Package hyperref Info: Link coloring OFF on input line 6450.
Package hyperref Info: Link coloring with OCG OFF on input line 6455.
Package hyperref Info: PDF/A mode OFF on input line 6460.
LaTeX Info: Redefining \ref on input line 6500.
LaTeX Info: Redefining \pageref on input line 6504.

(/usr/share/texlive/texmf-dist/tex/generic/atbegshi/atbegshi.sty
Package: atbegshi 2019/12/05 v1.19 At begin shipout hook (HO)
)
\Hy@abspage=\count293
\c@Item=\count294
\c@Hfootnote=\count295
)
Package hyperref Info: Driver: hpdftex.

(/usr/share/texlive/texmf-dist/tex/latex/hyperref/hpdftex.def
File: hpdftex.def 2020/01/14 v7.00d Hyperref driver for pdfTeX
\Fld@listcount=\count296
\c@bookmark@seq@number=\count297
\Hy@SectionHShift=\skip123
)
Package hyperref Info: Option `colorlinks' set `true' on input line 132.
Package hyperref Info: Option `unicode' set `true' on input line 132.

(/usr/share/texlive/texmf-dist/tex/latex/hyperref/puenc.def
File: puenc.def 2020/01/14 v7.00d Hyperref: PDF Unicode definition (HO)
Now handling font encoding PU ...
... no UTF-8 mapping file for font encoding PU
)
(/usr/share/texlive/texmf-dist/tex/latex/caption/caption.sty
Package: caption 2020/01/03 v3.4h Customizing captions (AR)

(/usr/share/texlive/texmf-dist/tex/latex/caption/caption3.sty
Package: caption3 2020/01/03 v1.8h caption3 kernel (AR)
Package caption3 Info: TeX engine: e-TeX on input line 61.
\captionmargin=\dimen195
\captionmargin@=\dimen196
\captionwidth=\dimen197
\caption@tempdima=\dimen198
\caption@indent=\dimen199
\caption@parindent=\dimen256
\caption@hangindent=\dimen257
Package caption Info: Standard document class detected.
)
\c@caption@flags=\count298
\c@continuedfloat=\count299
Package caption Info: float package is loaded.
Package caption Info: hyperref package is loaded.
Package caption Info: longtable package is loaded.

(/usr/share/texlive/texmf-dist/tex/latex/caption/ltcaption.sty
Package: ltcaption 2018/08/26 v1.4a longtable captions (AR)
))
(/usr/share/texlive/texmf-dist/tex/latex/etoc/etoc.sty
Package: etoc 2019/11/17 v1.09b Completely customisable TOCs (JFB)
\Etoc@toctoks=\toks32
\c@etoc@tocid=\count300
\c@etoc@tocdepth=\count301
\etoc@framed@titlebox=\box112
\etoc@framed@contentsbox=\box113
)
(/usr/share/texlive/texmf-dist/tex/latex/l3backend/l3backend-pdfmode.def
File: l3backend-pdfmode.def 2020-02-03 L3 backend support: PDF mode
\l__kernel_color_stack_int=\count302
\l__pdf_internal_box=\box114
)
(./refman.aux)
\openout1 = `refman.aux'.

LaTeX Font Info:    Checking defaults for OML/cmm/m/it on input line 147.
LaTeX Font Info:    ... okay on input line 147.
LaTeX Font Info:    Checking defaults for OMS/cmsy/m/n on input line 147.
LaTeX Font Info:    ... okay on input line 147.
LaTeX Font Info:    Checking defaults for OT1/cmr/m/n on input line 147.
LaTeX Font Info:    ... okay on input line 147.
LaTeX Font Info:    Checking defaults for T1/cmr/m/n on input line 147.
LaTeX Font Info:    ... okay on input line 147.
LaTeX Font Info:    Checking defaults for TS1/cmr/m/n on input line 147.
LaTeX Font Info:    ... okay on input line 147.
LaTeX Font Info:    Checking defaults for OMX/cmex/m/n on input line 147.
LaTeX Font Info:    ... okay on input line 147.
LaTeX Font Info:    Checking defaults for U/cmr/m/n on input line 147.
LaTeX Font Info:    ... okay on input line 147.
LaTeX Font Info:    Checking defaults for PD1/pdf/m/n on input line 147.
LaTeX Font Info:    ... okay on input line 147.
LaTeX Font Info:    Checking defaults for PU/pdf/m/n on input line 147.
LaTeX Font Info:    ... okay on input line 147.
LaTeX Font Info:    Trying to load font information for T1+phv on input line 14
7.
 (/usr/share/texlive/texmf-dist/tex/latex/psnfss/t1phv.fd
File: t1phv.fd 2001/06/04 scalable font definitions for T1/phv.
)
LaTeX Font Info:    Font shape `T1/phv/m/n' will be
(Font)              scaled to size 8.99994pt on input line 147.

(/usr/share/texlive/texmf-dist/tex/context/base/mkii/supp-pdf.mkii
[Loading MPS to PDF converter (version 2006.09.02).]
\scratchcounter=\count303
\scratchdimen=\dimen258
\scratchbox=\box115
\nofMPsegments=\count304
\nofMParguments=\count305
\everyMPshowfont=\toks33
\MPscratchCnt=\count306
\MPscratchDim=\dimen259
\MPnumerator=\count307
\makeMPintoPDFobject=\count308
\everyMPtoPDFconversion=\toks34
) (/usr/share/texlive/texmf-dist/tex/latex/epstopdf-pkg/epstopdf-base.sty
Package: epstopdf-base 2020-01-24 v2.11 Base part for package epstopdf
Package epstopdf-base Info: Redefining graphics rule for `.eps' on input line 4
85.

(/usr/share/texlive/texmf-dist/tex/latex/latexconfig/epstopdf-sys.cfg
File: epstopdf-sys.cfg 2010/07/13 v1.3 Configuration of (r)epstopdf for TeX Liv
e
))
*geometry* driver: auto-detecting
*geometry* detected driver: pdftex
*geometry* verbose mode - [ preamble ] result:
* driver: pdftex
* paper: a4paper
* layout: <same size as paper>
* layoutoffset:(h,v)=(0.0pt,0.0pt)
* modes: twoside 
* h-part:(L,W,R)=(71.13188pt, 455.24411pt, 71.13188pt)
* v-part:(T,H,B)=(71.13188pt, 702.78308pt, 71.13188pt)
* \paperwidth=597.50787pt
* \paperheight=845.04684pt
* \textwidth=455.24411pt
* \textheight=702.78308pt
* \oddsidemargin=-1.1381pt
* \evensidemargin=-1.1381pt
* \topmargin=-38.1381pt
* \headheight=12.0pt
* \headsep=25.0pt
* \topskip=10.0pt
* \footskip=30.0pt
* \marginparwidth=121.0pt
* \marginparsep=11.0pt
* \columnsep=10.0pt
* \skip\footins=9.0pt plus 4.0pt minus 2.0pt
* \hoffset=0.0pt
* \voffset=0.0pt
* \mag=1000
* \@twocolumnfalse
* \@twosidetrue
* \@mparswitchtrue
* \@reversemarginfalse
* (1in=72.27pt=25.4mm, 1cm=28.453pt)

Package backref Info: ** backref set up for natbib ** on input line 147.
\AtBeginShipoutBox=\box116
Package hyperref Info: Link coloring ON on input line 147.
(/usr/share/texlive/texmf-dist/tex/latex/hyperref/nameref.sty
Package: nameref 2019/09/16 v2.46 Cross-referencing by name of section

(/usr/share/texlive/texmf-dist/tex/latex/refcount/refcount.sty
Package: refcount 2019/12/15 v3.6 Data extraction from label references (HO)
)
(/usr/share/texlive/texmf-dist/tex/generic/gettitlestring/gettitlestring.sty
Package: gettitlestring 2019/12/15 v1.6 Cleanup title references (HO)
)
\c@section@level=\count309
)
LaTeX Info: Redefining \ref on input line 147.
LaTeX Info: Redefining \pageref on input line 147.
LaTeX Info: Redefining \nameref on input line 147.

(./refman.out) (./refman.out)
\@outlinefile=\write5
\openout5 = `refman.out'.

Package caption Info: Begin \AtBeginDocument code.
Package caption Info: End \AtBeginDocument code.
\Etoc@tf=\read4
Package hyperref Info: Option `pageanchor' set `false' on input line 153.
Package hyperref Info: Option `bookmarksnumbered' set `true' on input line 153.

Package hyperref Info: Option `unicode' set `true' on input line 153.
LaTeX Font Info:    Font shape `T1/phv/m/n' will be
(Font)              scaled to size 12.9599pt on input line 158.
LaTeX Font Info:    Font shape `T1/phv/m/n' will be
(Font)              scaled to size 10.79993pt on input line 160.
 [1

{/var/lib/texmf/fonts/map/pdftex/updmap/pdftex.map}]
\tf@toc=\write6
\openout6 = `refman.toc'.

LaTeX Font Info:    Font shape `T1/phv/b/n' will be
(Font)              scaled to size 8.99994pt on input line 165.
LaTeX Font Info:    Font shape `T1/phv/b/n' will be
(Font)              scaled to size 6.29996pt on input line 165.
LaTeX Font Info:    Trying to load font information for U+msa on input line 165
.
 (/usr/share/texlive/texmf-dist/tex/latex/amsfonts/umsa.fd
File: umsa.fd 2013/01/14 v3.01 AMS symbols A
)
LaTeX Font Info:    Trying to load font information for U+msb on input line 165
.

(/usr/share/texlive/texmf-dist/tex/latex/amsfonts/umsb.fd
File: umsb.fd 2013/01/14 v3.01 AMS symbols B
)
LaTeX Font Info:    Trying to load font information for U+wasy on input line 16
5.

(/usr/share/texlive/texmf-dist/tex/latex/wasysym/uwasy.fd
File: uwasy.fd 2020/01/19 v2.4 Wasy-2 symbol font definitions
)
LaTeX Font Info:    Font shape `T1/phv/m/n' will be
(Font)              scaled to size 6.29996pt on input line 165.
 [1] [2] [3]
Package hyperref Info: Option `pageanchor' set `true' on input line 166.
LaTeX Font Info:    Font shape `T1/phv/b/n' will be
(Font)              scaled to size 12.9599pt on input line 169.

(./md_LICENSE.tex) (./md_README.tex [1]
LaTeX Font Info:    Font shape `T1/phv/b/n' will be
(Font)              scaled to size 10.79993pt on input line 1.
LaTeX Font Info:    Trying to load font information for T1+pcr on input line 3.


(/usr/share/texlive/texmf-dist/tex/latex/psnfss/t1pcr.fd
File: t1pcr.fd 2001/06/04 font definitions for T1/pcr.
)
LaTeX Font Info:    Trying to load font information for TS1+phv on input line 2
6.

(/usr/share/texlive/texmf-dist/tex/latex/psnfss/ts1phv.fd
File: ts1phv.fd 2001/06/04 scalable font definitions for TS1/phv.
)
LaTeX Font Info:    Font shape `TS1/phv/m/n' will be
(Font)              scaled to size 8.99994pt on input line 26.
 [2])
(./namespaces.tex) (./annotated.tex) (./files.tex [3] [4])
(./namespacegraph.tex
LaTeX Font Info:    Font shape `T1/phv/m/n' will be
(Font)              scaled to size 7.19995pt on input line 56.
LaTeX Font Info:    Font shape `T1/pcr/m/it' in size <8> not available
(Font)              Font shape `T1/pcr/m/sl' tried instead on input line 56.
LaTeX Font Info:    Font shape `T1/pcr/m/it' in size <7> not available
(Font)              Font shape `T1/pcr/m/sl' tried instead on input line 56.
 [5]
LaTeX Font Info:    Trying to load font information for TS1+pcr on input line 8
9.

(/usr/share/texlive/texmf-dist/tex/latex/psnfss/ts1pcr.fd
File: ts1pcr.fd 2001/06/04 font definitions for TS1/pcr.
) [6])
(./namespacegraph__oneline.tex [7] [8]) (./structAlgorithm__Parameters.tex
[9] [10] [11]) (./classCCircuit.tex
LaTeX Font Info:    Font shape `T1/phv/m/n' will be
(Font)              scaled to size 8.09995pt on input line 11.
LaTeX Font Info:    Font shape `T1/phv/m/it' in size <9> not available
(Font)              Font shape `T1/phv/m/sl' tried instead on input line 11.
LaTeX Font Info:    Font shape `T1/phv/m/sl' will be
(Font)              scaled to size 8.09995pt on input line 11.
LaTeX Font Info:    Font shape `T1/phv/m/it' in size <7> not available
(Font)              Font shape `T1/phv/m/sl' tried instead on input line 11.
LaTeX Font Info:    Font shape `T1/phv/m/sl' will be
(Font)              scaled to size 6.29996pt on input line 11.
 [12] [13]
Underfull \hbox (badness 10000) detected at line 75
[][][]
 []


Underfull \hbox (badness 10000) detected at line 85
[][][]
 []

) (./classCSimulator.tex [14]
LaTeX Font Info:    Font shape `T1/phv/b/n' will be
(Font)              scaled to size 7.19995pt on input line 41.
 [15]
Underfull \hbox (badness 10000) detected at line 80
[][][]
 []


Underfull \hbox (badness 10000) in paragraph at lines 87--88
 \T1/phv/b/n/10 7.3.2.2 get_final_concentrate_list()[] \T1/pcr/m/n/8 std[]::vec
tor$\OML/cmm/m/it/8 <$\T1/pcr/m/n/8 int$\OML/cmm/m/it/8 >$ \T1/pcr/m/n/8 C[]Sim
ulator[]::get[]_[]final[]_[]concentrate[]_[]list ( )
 []


Underfull \hbox (badness 10000) detected at line 135
[][][]
 []


Underfull \hbox (badness 10000) detected at line 148
[][][]
 []

) (./classCUnit.tex [16] [17] [18]) (./classGA.tex <./classGA__coll__graph.pdf

pdfTeX warning: pdflatex (file ./classGA__coll__graph.pdf): PDF inclusion: mult
iple pdfs with page group included in a single page
>
<classGA__coll__graph.pdf, id=1279, 351.3125pt x 167.62625pt>
File: classGA__coll__graph.pdf Graphic file (type pdf)
<use classGA__coll__graph.pdf>
Package pdftex.def Info: classGA__coll__graph.pdf  used on input line 14.
(pdftex.def)             Requested size: 350.0pt x 167.01195pt.
 [19] [20] [21] [22]
Underfull \hbox (badness 10000) detected at line 189
[][][]
 []

[23]
Underfull \hbox (badness 10000) detected at line 259
[][][]
 []

[24]
Underfull \hbox (badness 10000) detected at line 281
[][][]
 []


Underfull \hbox (badness 10000) detected at line 299
[][][]
 []


Underfull \vbox (badness 10000) has occurred while \output is active []

 [25]
Underfull \hbox (badness 10000) detected at line 383
[][][]
 []

[26] [27] [28] [29]) (./structSimulationParameters.tex [30] [31])
(./CMakeCache_8txt.tex [32])
(./build_2CMakeFiles_23_816_83_2CompilerIdC_2CMakeCCompilerId_8c.tex [33]
[34]) (./CMakeFiles_23_816_83_2CompilerIdC_2CMakeCCompilerId_8c.tex [35]
[36])
(./build_2CMakeFiles_23_816_83_2CompilerIdCXX_2CMakeCXXCompilerId_8cpp.tex
[37] [38]) (./CMakeFiles_23_816_83_2CompilerIdCXX_2CMakeCXXCompilerId_8cpp.tex
[39] [40] [41]) (./build_2CMakeFiles_2CMakeRuleHashes_8txt.tex)
(./CMakeFiles_2CMakeRuleHashes_8txt.tex)
(./build_2CMakeFiles_2FindMPI_2test__mpi_8cpp.tex <./build_2CMakeFiles_2FindMPI
_2test__mpi_8cpp__incl.pdf

pdfTeX warning: pdflatex (file ./build_2CMakeFiles_2FindMPI_2test__mpi_8cpp__in
cl.pdf): PDF inclusion: multiple pdfs with page group included in a single page

>
<build_2CMakeFiles_2FindMPI_2test__mpi_8cpp__incl.pdf, id=1812, 219.82124pt x 1
67.62625pt>
File: build_2CMakeFiles_2FindMPI_2test__mpi_8cpp__incl.pdf Graphic file (type p
df)
<use build_2CMakeFiles_2FindMPI_2test__mpi_8cpp__incl.pdf>
Package pdftex.def Info: build_2CMakeFiles_2FindMPI_2test__mpi_8cpp__incl.pdf  
used on input line 10.
(pdftex.def)             Requested size: 219.0pt x 167.00427pt.
 [42]) (./CMakeFiles_2FindMPI_2test__mpi_8cpp.tex <./CMakeFiles_2FindMPI_2test_
_mpi_8cpp__incl.pdf>
<CMakeFiles_2FindMPI_2test__mpi_8cpp__incl.pdf, id=1833, 194.7275pt x 167.62625
pt>
File: CMakeFiles_2FindMPI_2test__mpi_8cpp__incl.pdf Graphic file (type pdf)
<use CMakeFiles_2FindMPI_2test__mpi_8cpp__incl.pdf>
Package pdftex.def Info: CMakeFiles_2FindMPI_2test__mpi_8cpp__incl.pdf  used on
 input line 10.
(pdftex.def)             Requested size: 194.0pt x 167.00684pt.
)
(./build_2CMakeFiles_2FindOpenMP_2OpenMPCheckVersion_8c.tex <./build_2CMakeFile
s_2FindOpenMP_2OpenMPCheckVersion_8c__incl.pdf

pdfTeX warning: pdflatex (file ./build_2CMakeFiles_2FindOpenMP_2OpenMPCheckVers
ion_8c__incl.pdf): PDF inclusion: multiple pdfs with page group included in a s
ingle page
>
<build_2CMakeFiles_2FindOpenMP_2OpenMPCheckVersion_8c__incl.pdf, id=1843, 230.8
625pt x 167.62625pt>
File: build_2CMakeFiles_2FindOpenMP_2OpenMPCheckVersion_8c__incl.pdf Graphic fi
le (type pdf)
<use build_2CMakeFiles_2FindOpenMP_2OpenMPCheckVersion_8c__incl.pdf>
Package pdftex.def Info: build_2CMakeFiles_2FindOpenMP_2OpenMPCheckVersion_8c__
incl.pdf  used on input line 10.
(pdftex.def)             Requested size: 230.0pt x 167.00172pt.
 [43]) (./CMakeFiles_2FindOpenMP_2OpenMPCheckVersion_8c.tex <./CMakeFiles_2Find
OpenMP_2OpenMPCheckVersion_8c__incl.pdf>
<CMakeFiles_2FindOpenMP_2OpenMPCheckVersion_8c__incl.pdf, id=1865, 215.80624pt 
x 167.62625pt>
File: CMakeFiles_2FindOpenMP_2OpenMPCheckVersion_8c__incl.pdf Graphic file (typ
e pdf)
<use CMakeFiles_2FindOpenMP_2OpenMPCheckVersion_8c__incl.pdf>
Package pdftex.def Info: CMakeFiles_2FindOpenMP_2OpenMPCheckVersion_8c__incl.pd
f  used on input line 10.
(pdftex.def)             Requested size: 215.0pt x 167.00427pt.
 [44])
(./build_2CMakeFiles_2FindOpenMP_2OpenMPCheckVersion_8cpp.tex <./build_2CMakeFi
les_2FindOpenMP_2OpenMPCheckVersion_8cpp__incl.pdf>
<build_2CMakeFiles_2FindOpenMP_2OpenMPCheckVersion_8cpp__incl.pdf, id=1887, 242
.9075pt x 167.62625pt>
File: build_2CMakeFiles_2FindOpenMP_2OpenMPCheckVersion_8cpp__incl.pdf Graphic 
file (type pdf)
<use build_2CMakeFiles_2FindOpenMP_2OpenMPCheckVersion_8cpp__incl.pdf>
Package pdftex.def Info: build_2CMakeFiles_2FindOpenMP_2OpenMPCheckVersion_8cpp
__incl.pdf  used on input line 10.
(pdftex.def)             Requested size: 242.0pt x 166.99916pt.
 [45])
(./CMakeFiles_2FindOpenMP_2OpenMPCheckVersion_8cpp.tex <./CMakeFiles_2FindOpenM
P_2OpenMPCheckVersion_8cpp__incl.pdf>
<CMakeFiles_2FindOpenMP_2OpenMPCheckVersion_8cpp__incl.pdf, id=1910, 227.85126p
t x 167.62625pt>
File: CMakeFiles_2FindOpenMP_2OpenMPCheckVersion_8cpp__incl.pdf Graphic file (t
ype pdf)
<use CMakeFiles_2FindOpenMP_2OpenMPCheckVersion_8cpp__incl.pdf>
Package pdftex.def Info: CMakeFiles_2FindOpenMP_2OpenMPCheckVersion_8cpp__incl.
pdf  used on input line 10.
(pdftex.def)             Requested size: 227.0pt x 167.00427pt.
 [46])
(./build_2CMakeFiles_2FindOpenMP_2OpenMPTryFlag_8c.tex <./build_2CMakeFiles_2Fi
ndOpenMP_2OpenMPTryFlag_8c__incl.pdf>
<build_2CMakeFiles_2FindOpenMP_2OpenMPTryFlag_8c__incl.pdf, id=1932, 226.8475pt
 x 167.62625pt>
File: build_2CMakeFiles_2FindOpenMP_2OpenMPTryFlag_8c__incl.pdf Graphic file (t
ype pdf)
<use build_2CMakeFiles_2FindOpenMP_2OpenMPTryFlag_8c__incl.pdf>
Package pdftex.def Info: build_2CMakeFiles_2FindOpenMP_2OpenMPTryFlag_8c__incl.
pdf  used on input line 9.
(pdftex.def)             Requested size: 226.0pt x 167.00172pt.
 [47])
(./CMakeFiles_2FindOpenMP_2OpenMPTryFlag_8c.tex <./CMakeFiles_2FindOpenMP_2Open
MPTryFlag_8c__incl.pdf>
<CMakeFiles_2FindOpenMP_2OpenMPTryFlag_8c__incl.pdf, id=1954, 214.8025pt x 167.
62625pt>
File: CMakeFiles_2FindOpenMP_2OpenMPTryFlag_8c__incl.pdf Graphic file (type pdf
)
<use CMakeFiles_2FindOpenMP_2OpenMPTryFlag_8c__incl.pdf>
Package pdftex.def Info: CMakeFiles_2FindOpenMP_2OpenMPTryFlag_8c__incl.pdf  us
ed on input line 9.
(pdftex.def)             Requested size: 214.0pt x 167.00172pt.
 [48])
(./build_2CMakeFiles_2FindOpenMP_2OpenMPTryFlag_8cpp.tex <./build_2CMakeFiles_2
FindOpenMP_2OpenMPTryFlag_8cpp__incl.pdf>
<build_2CMakeFiles_2FindOpenMP_2OpenMPTryFlag_8cpp__incl.pdf, id=1973, 226.8475
pt x 167.62625pt>
File: build_2CMakeFiles_2FindOpenMP_2OpenMPTryFlag_8cpp__incl.pdf Graphic file 
(type pdf)
<use build_2CMakeFiles_2FindOpenMP_2OpenMPTryFlag_8cpp__incl.pdf>
Package pdftex.def Info: build_2CMakeFiles_2FindOpenMP_2OpenMPTryFlag_8cpp__inc
l.pdf  used on input line 9.
(pdftex.def)             Requested size: 226.0pt x 167.00172pt.
)
(./CMakeFiles_2FindOpenMP_2OpenMPTryFlag_8cpp.tex <./CMakeFiles_2FindOpenMP_2Op
enMPTryFlag_8cpp__incl.pdf

pdfTeX warning: pdflatex (file ./CMakeFiles_2FindOpenMP_2OpenMPTryFlag_8cpp__in
cl.pdf): PDF inclusion: multiple pdfs with page group included in a single page

>
<CMakeFiles_2FindOpenMP_2OpenMPTryFlag_8cpp__incl.pdf, id=1982, 214.8025pt x 16
7.62625pt>
File: CMakeFiles_2FindOpenMP_2OpenMPTryFlag_8cpp__incl.pdf Graphic file (type p
df)
<use CMakeFiles_2FindOpenMP_2OpenMPTryFlag_8cpp__incl.pdf>
Package pdftex.def Info: CMakeFiles_2FindOpenMP_2OpenMPTryFlag_8cpp__incl.pdf  
used on input line 9.
(pdftex.def)             Requested size: 214.0pt x 167.00172pt.
 [49]) (./build_2CMakeFiles_2TargetDirectories_8txt.tex)
(./CMakeFiles_2TargetDirectories_8txt.tex) (./DartConfiguration_8tcl.tex)
(./build_2src_2CMakeFiles_2Circuit__Optimizer_8dir_2link_8txt.tex
Underfull \hbox (badness 10000) in paragraph at lines 17--18
 \T1/phv/b/n/10 8.21.1.1 rpath[] \T1/pcr/m/n/8 usr bin c fopenmp pthread C[]Mak
e[]Files Circuit[]_[][]Optimizer dir [] cpp o o bin
 []

) (./build_2src_2CMakeFiles_2circuitSimulator_8dir_2link_8txt.tex)
(./build_2src_2CMakeFiles_2geneticAlgorithm_8dir_2link_8txt.tex)
(./build_2tests_2CMakeFiles_2simulator__tests_8dir_2link_8txt.tex)
(./build_2tests_2CMakeFiles_2test__GA_8dir_2link_8txt.tex [50]
Underfull \hbox (badness 10000) in paragraph at lines 17--18
 \T1/phv/b/n/10 8.25.1.1 rpath[] \T1/pcr/m/n/8 usr bin c fopenmp pthread C[]Mak
e[]Files test[]_[][]GA dir test[]_[][]GA cpp o o bin test[]_[][]GA
 []

) (./build_2tests_2CMakeFiles_2test__simulator_8dir_2link_8txt.tex
Underfull \hbox (badness 10000) in paragraph at lines 17--18
 \T1/phv/b/n/10 8.26.1.1 rpath[] \T1/pcr/m/n/8 usr bin c fopenmp pthread C[]Mak
e[]Files test[]_[]simulator dir test[]_[]simulator cpp o o
 []


Underfull \hbox (badness 10000) in paragraph at lines 23--24
 \T1/phv/b/n/10 8.26.1.2 Wl[] \T1/pcr/m/n/8 usr bin c fopenmp pthread C[]Make[]
Files test[]_[]simulator dir test[]_[]simulator cpp o o bin
 []

) (./build_2tests_2CMakeFiles_2test__validity_8dir_2link_8txt.tex [51]
Underfull \hbox (badness 10000) in paragraph at lines 17--18
 \T1/phv/b/n/10 8.27.1.1 rpath[] \T1/pcr/m/n/8 usr bin c fopenmp pthread C[]Mak
e[]Files test[]_[]validity dir test[]_[]validity cpp o o
 []


Underfull \hbox (badness 10000) in paragraph at lines 23--24
 \T1/phv/b/n/10 8.27.1.2 Wl[] \T1/pcr/m/n/8 usr bin c fopenmp pthread C[]Make[]
Files test[]_[]validity dir test[]_[]validity cpp o o bin
 []

) (./src_2CMakeFiles_2Circuit__Optimizer_8dir_2link_8txt.tex
Underfull \hbox (badness 10000) in paragraph at lines 17--18
 \T1/phv/b/n/10 8.28.1.1 rpath[] \T1/pcr/m/n/8 usr bin c fopenmp pthread C[]Mak
e[]Files Circuit[]_[][]Optimizer dir [] cpp o o bin
 []

) (./src_2CMakeFiles_2circuitSimulator_8dir_2link_8txt.tex)
(./src_2CMakeFiles_2geneticAlgorithm_8dir_2link_8txt.tex)
(./tests_2CMakeFiles_2simulator__tests_8dir_2link_8txt.tex)
(./tests_2CMakeFiles_2test__simulator_8dir_2link_8txt.tex)
(./tests_2CMakeFiles_2test__validity_8dir_2link_8txt.tex)
(./build_2Testing_2Temporary_2CTestCostData_8txt.tex)
(./Testing_2Temporary_2CTestCostData_8txt.tex) (./CMakeLists_8txt.tex)
(./src_2CMakeLists_8txt.tex [52]) (./tests_2CMakeLists_8txt.tex)
(./CCircuit_8h.tex <./CCircuit_8h__incl.pdf

pdfTeX warning: pdflatex (file ./CCircuit_8h__incl.pdf): PDF inclusion: multipl
e pdfs with page group included in a single page
>
<CCircuit_8h__incl.pdf, id=2079, 185.69376pt x 212.795pt>
File: CCircuit_8h__incl.pdf Graphic file (type pdf)
<use CCircuit_8h__incl.pdf>
Package pdftex.def Info: CCircuit_8h__incl.pdf  used on input line 10.
(pdftex.def)             Requested size: 185.0pt x 212.00543pt.
 [53] <./CCircuit_8h__dep__incl.pdf

pdfTeX warning: pdflatex (file ./CCircuit_8h__dep__incl.pdf): PDF inclusion: mu
ltiple pdfs with page group included in a single page
>
<CCircuit_8h__dep__incl.pdf, id=2106, 939.51pt x 212.795pt>
File: CCircuit_8h__dep__incl.pdf Graphic file (type pdf)
<use CCircuit_8h__dep__incl.pdf>
Package pdftex.def Info: CCircuit_8h__dep__incl.pdf  used on input line 18.
(pdftex.def)             Requested size: 350.0pt x 79.27191pt.
) (./CSimulator_8h.tex <./CSimulator_8h__incl.pdf

pdfTeX warning: pdflatex (file ./CSimulator_8h__incl.pdf): PDF inclusion: multi
ple pdfs with page group included in a single page
>
<CSimulator_8h__incl.pdf, id=2115, 198.7425pt x 212.795pt>
File: CSimulator_8h__incl.pdf Graphic file (type pdf)
<use CSimulator_8h__incl.pdf>
Package pdftex.def Info: CSimulator_8h__incl.pdf  used on input line 10.
(pdftex.def)             Requested size: 198.0pt x 212.00543pt.
 [54] <./CSimulator_8h__dep__incl.pdf>
<CSimulator_8h__dep__incl.pdf, id=2132, 687.56876pt x 212.795pt>
File: CSimulator_8h__dep__incl.pdf Graphic file (type pdf)
<use CSimulator_8h__dep__incl.pdf>
Package pdftex.def Info: CSimulator_8h__dep__incl.pdf  used on input line 18.
(pdftex.def)             Requested size: 350.0pt x 108.31944pt.

Overfull \hbox (22.32817pt too wide) in paragraph at lines 33--34
[]\T1/phv/m/n/10 double [] (int vector[]_[]size, int $\OMS/cmsy/m/n/10 ^^C$\T1/
phv/m/n/10 circuit[]_[]vector, dou-ble $\OMS/cmsy/m/n/10 ^^C$\T1/phv/m/n/10 edg
e[]_[]vector, const []
 []

[55]
Underfull \hbox (badness 10000) detected at line 57
[][][]
 []


Underfull \hbox (badness 10000) detected at line 81
[][][]
 []

) (./CUnit_8h.tex <./CUnit_8h__incl.pdf>
<CUnit_8h__incl.pdf, id=2159, 171.64125pt x 156.585pt>
File: CUnit_8h__incl.pdf Graphic file (type pdf)
<use CUnit_8h__incl.pdf>
Package pdftex.def Info: CUnit_8h__incl.pdf  used on input line 9.
(pdftex.def)             Requested size: 171.0pt x 155.99922pt.

Underfull \vbox (badness 1881) has occurred while \output is active []

 [56] <./CUnit_8h__dep__incl.pdf

pdfTeX warning: pdflatex (file ./CUnit_8h__dep__incl.pdf): PDF inclusion: multi
ple pdfs with page group included in a single page
>
<CUnit_8h__dep__incl.pdf, id=2175, 1017.8025pt x 269.005pt>
File: CUnit_8h__dep__incl.pdf Graphic file (type pdf)
<use CUnit_8h__dep__incl.pdf>
Package pdftex.def Info: CUnit_8h__dep__incl.pdf  used on input line 17.
(pdftex.def)             Requested size: 350.0pt x 92.50307pt.
) (./Genetic__Algorithm_8h.tex <./Genetic__Algorithm_8h__incl.pdf

pdfTeX warning: pdflatex (file ./Genetic__Algorithm_8h__incl.pdf): PDF inclusio
n: multiple pdfs with page group included in a single page
>
<Genetic__Algorithm_8h__incl.pdf, id=2184, 243.91125pt x 269.005pt>
File: Genetic__Algorithm_8h__incl.pdf Graphic file (type pdf)
<use Genetic__Algorithm_8h__incl.pdf>
Package pdftex.def Info: Genetic__Algorithm_8h__incl.pdf  used on input line 10
.
(pdftex.def)             Requested size: 243.0pt x 268.00278pt.

Underfull \vbox (badness 4168) has occurred while \output is active []

 [57] <./Genetic__Algorithm_8h__dep__incl.pdf>
<Genetic__Algorithm_8h__dep__incl.pdf, id=2201, 443.6575pt x 156.585pt>
File: Genetic__Algorithm_8h__dep__incl.pdf Graphic file (type pdf)
<use Genetic__Algorithm_8h__dep__incl.pdf>
Package pdftex.def Info: Genetic__Algorithm_8h__dep__incl.pdf  used on input li
ne 18.
(pdftex.def)             Requested size: 350.0pt x 123.52875pt.
) (./LICENSE_8md.tex) (./README_8md.tex)
(./CCircuit_8cpp.tex <./CCircuit_8cpp__incl.pdf

pdfTeX warning: pdflatex (file ./CCircuit_8cpp__incl.pdf): PDF inclusion: multi
ple pdfs with page group included in a single page
>
<CCircuit_8cpp__incl.pdf, id=2211, 342.27875pt x 269.005pt>
File: CCircuit_8cpp__incl.pdf Graphic file (type pdf)
<use CCircuit_8cpp__incl.pdf>
Package pdftex.def Info: CCircuit_8cpp__incl.pdf  used on input line 13.
(pdftex.def)             Requested size: 341.0pt x 268.0192pt.
) (./CSimulator_8cpp.tex [58] <./CSimulator_8cpp__incl.pdf>
<CSimulator_8cpp__incl.pdf, id=2230, 441.65pt x 269.005pt>
File: CSimulator_8cpp__incl.pdf Graphic file (type pdf)
<use CSimulator_8cpp__incl.pdf>
Package pdftex.def Info: CSimulator_8cpp__incl.pdf  used on input line 19.
(pdftex.def)             Requested size: 350.0pt x 213.193pt.

Underfull \vbox (badness 10000) has occurred while \output is active []

 [59]
Overfull \hbox (22.32817pt too wide) in paragraph at lines 27--28
[]\T1/phv/m/n/10 double [] (int vector[]_[]size, int $\OMS/cmsy/m/n/10 ^^C$\T1/
phv/m/n/10 circuit[]_[]vector, dou-ble $\OMS/cmsy/m/n/10 ^^C$\T1/phv/m/n/10 edg
e[]_[]vector, const []
 []


Overfull \vbox (7.95865pt too high) has occurred while \output is active []


[60]
Underfull \hbox (badness 10000) detected at line 56
[][][]
 []


Underfull \hbox (badness 10000) detected at line 80
[][][]
 []

) (./Genetic__Algorithm_8cpp.tex <./Genetic__Algorithm_8cpp__incl.pdf>
<Genetic__Algorithm_8cpp__incl.pdf, id=2263, 823.075pt x 325.215pt>
File: Genetic__Algorithm_8cpp__incl.pdf Graphic file (type pdf)
<use Genetic__Algorithm_8cpp__incl.pdf>
Package pdftex.def Info: Genetic__Algorithm_8cpp__incl.pdf  used on input line 
19.
(pdftex.def)             Requested size: 350.0pt x 138.29146pt.
 [61]
Underfull \hbox (badness 10000) detected at line 74
[][][]
 []

[62]) (./graph_8py.tex) (./graph__oneline_8py.tex [63]) (./main_8cpp.tex <./mai
n_8cpp__incl.pdf

pdfTeX warning: pdflatex (file ./main_8cpp__incl.pdf): PDF inclusion: multiple 
pdfs with page group included in a single page
>
<main_8cpp__incl.pdf, id=2346, 442.65375pt x 325.215pt>
File: main_8cpp__incl.pdf Graphic file (type pdf)
<use main_8cpp__incl.pdf>
Package pdftex.def Info: main_8cpp__incl.pdf  used on input line 13.
(pdftex.def)             Requested size: 350.0pt x 257.15523pt.
 [64]) (./test__GA_8cpp.tex <./test__GA_8cpp__incl.pdf

pdfTeX warning: pdflatex (file ./test__GA_8cpp__incl.pdf): PDF inclusion: multi
ple pdfs with page group included in a single page
>
<test__GA_8cpp__incl.pdf, id=2363, 575.14874pt x 325.215pt>
File: test__GA_8cpp__incl.pdf Graphic file (type pdf)
<use test__GA_8cpp__incl.pdf>
Package pdftex.def Info: test__GA_8cpp__incl.pdf  used on input line 16.
(pdftex.def)             Requested size: 350.0pt x 197.90942pt.
 [65]) (./test__simulator_8cpp.tex <./test__simulator_8cpp__incl.pdf>
<test__simulator_8cpp__incl.pdf, id=2390, 569.12625pt x 269.005pt>
File: test__simulator_8cpp__incl.pdf Graphic file (type pdf)
<use test__simulator_8cpp__incl.pdf>
Package pdftex.def Info: test__simulator_8cpp__incl.pdf  used on input line 15.

(pdftex.def)             Requested size: 350.0pt x 165.43913pt.
 [66]
[67]
Underfull \hbox (badness 10000) detected at line 53
[][][]
 []

) (./test__validity_8cpp.tex <./test__validity_8cpp__incl.pdf>
<test__validity_8cpp__incl.pdf, id=2433, 407.5225pt x 269.005pt>
File: test__validity_8cpp__incl.pdf Graphic file (type pdf)
<use test__validity_8cpp__incl.pdf>
Package pdftex.def Info: test__validity_8cpp__incl.pdf  used on input line 13.
(pdftex.def)             Requested size: 350.0pt x 231.04424pt.
 [68] [69])
[70] (./refman.ind
LaTeX Font Info:    Font shape `T1/phv/bc/n' will be
(Font)              scaled to size 12.9599pt on input line 1.

Overfull \hbox (16.3866pt too wide) in paragraph at lines 52--54
[]\T1/phv/m/n/10 build/CMakeFiles/3.16.3/CompilerIdC/CMakeCCompilerId.c,
 []


Overfull \hbox (50.40594pt too wide) in paragraph at lines 54--56
[]\T1/phv/m/n/10 build/CMakeFiles/3.16.3/CompilerIdCXX/CMakeCXXCompilerId.cpp,
 []


Underfull \hbox (badness 10000) in paragraph at lines 63--64
[]\T1/phv/m/n/10 build/CMakeFiles/FindOpenMP/OpenMPTryFlag.cpp,
 []

[71


]
Underfull \hbox (badness 10000) in paragraph at lines 139--141
[]\T1/phv/m/n/10 CMakeFiles/3.16.3/CompilerIdC/CMakeCCompilerId.c,
 []


Overfull \hbox (29.07639pt too wide) in paragraph at lines 141--143
[]\T1/phv/m/n/10 CMakeFiles/3.16.3/CompilerIdCXX/CMakeCXXCompilerId.cpp,
 []


Underfull \hbox (badness 10000) in paragraph at lines 146--147
[]\T1/phv/m/n/10 CMakeFiles/FindOpenMP/OpenMPCheckVersion.cpp,
 []

[72] [73] [74] [75] [76])
Package atveryend Info: Empty hook `BeforeClearDocument' on input line 256.
Package atveryend Info: Empty hook `AfterLastShipout' on input line 256.
 (./refman.aux)
Package atveryend Info: Executing hook `AtVeryEndDocument' on input line 256.
Package atveryend Info: Executing hook `AtEndAfterFileList' on input line 256.
Package rerunfilecheck Info: File `refman.out' has not changed.
(rerunfilecheck)             Checksum: 559AB30A12456F125A554648A6D9F5BE;37090.
 ) 
Here is how much of TeX's memory you used:
 18219 strings out of 481239
 300068 string characters out of 5920377
 636584 words of memory out of 5000000
 32103 multiletter control sequences out of 15000+600000
 584182 words of font info for 92 fonts, out of 8000000 for 9000
 1141 hyphenation exceptions out of 8191
 55i,16n,96p,1765b,637s stack positions out of 5000i,500n,10000p,200000b,80000s
{/usr/share/texlive/texmf-dist/fonts/enc/dvips/base/8r.enc}</usr/share/texliv
e/texmf-dist/fonts/type1/public/amsfonts/cm/cmmi10.pfb></usr/share/texlive/texm
f-dist/fonts/type1/public/amsfonts/cm/cmmi7.pfb></usr/share/texlive/texmf-dist/
fonts/type1/public/amsfonts/cm/cmmi8.pfb></usr/share/texlive/texmf-dist/fonts/t
ype1/public/amsfonts/cm/cmsy10.pfb></usr/share/texlive/texmf-dist/fonts/type1/p
ublic/amsfonts/cm/cmsy7.pfb></usr/share/texlive/texmf-dist/fonts/type1/public/a
msfonts/cm/cmsy8.pfb></usr/share/texlive/texmf-dist/fonts/type1/urw/courier/ucr
b8a.pfb></usr/share/texlive/texmf-dist/fonts/type1/urw/courier/ucrr8a.pfb></usr
/share/texlive/texmf-dist/fonts/type1/urw/courier/ucrro8a.pfb></usr/share/texli
ve/texmf-dist/fonts/type1/urw/helvetic/uhvb8a.pfb></usr/share/texlive/texmf-dis
t/fonts/type1/urw/helvetic/uhvb8ac.pfb></usr/share/texlive/texmf-dist/fonts/typ
e1/urw/helvetic/uhvr8a.pfb></usr/share/texlive/texmf-dist/fonts/type1/urw/helve
tic/uhvro8a.pfb>
Output written on refman.pdf (80 pages, 465631 bytes).
PDF statistics:
 3294 PDF objects out of 3580 (max. 8388607)
 3083 compressed objects within 31 object streams
 931 named destinations out of 1000 (max. 500000)
 1291 words of extra memory for PDF output out of 10000 (max. 10000000)

