\BOOKMARK [1][-]{section.1}{\376\377\0001\000\040\000L\000I\000C\000E\000N\000S\000E}{}% 1
\BOOKMARK [1][-]{section.2}{\376\377\0002\000\040\000G\000o\000r\000m\000a\000n\000i\000u\000m\000\040\000r\000u\000s\000h}{}% 2
\BOOKMARK [2][-]{subsection.2.1}{\376\377\0002\000.\0001\000\040\000I\000n\000s\000t\000a\000l\000l\000a\000t\000i\000o\000n}{section.2}% 3
\BOOKMARK [2][-]{subsection.2.2}{\376\377\0002\000.\0002\000\040\000F\000i\000l\000e\000\040\000g\000e\000n\000e\000r\000a\000t\000i\000o\000n}{section.2}% 4
\BOOKMARK [2][-]{subsection.2.3}{\376\377\0002\000.\0003\000\040\000M\000a\000c\000r\000o\000s}{section.2}% 5
\BOOKMARK [3][-]{subsubsection.2.3.1}{\376\377\0002\000.\0003\000.\0001\000\040\000P\000A\000R\000A\000L\000L\000E\000L\000\137\000E\000N\000A\000B\000L\000E}{subsection.2.3}% 6
\BOOKMARK [3][-]{subsubsection.2.3.2}{\376\377\0002\000.\0003\000.\0002\000\040\000O\000U\000T\000\137\000R\000E\000S\000U\000L\000T\000\137\000T\000O\000\137\000F\000I\000L\000E}{subsection.2.3}% 7
\BOOKMARK [3][-]{subsubsection.2.3.3}{\376\377\0002\000.\0003\000.\0003\000\040\000P\000E\000R\000F\000O\000R\000M\000A\000N\000C\000E\000\137\000A\000N\000A\000L\000Y\000S\000I\000S\000\137\000M\000A\000C\000R\000O}{subsection.2.3}% 8
\BOOKMARK [2][-]{subsection.2.4}{\376\377\0002\000.\0004\000\040\000T\000e\000s\000t}{section.2}% 9
\BOOKMARK [2][-]{subsection.2.5}{\376\377\0002\000.\0005\000\040\000P\000o\000s\000t\000-\000p\000r\000o\000c\000e\000s\000s\000i\000n\000g}{section.2}% 10
\BOOKMARK [2][-]{subsection.2.6}{\376\377\0002\000.\0006\000\040\000D\000o\000c\000u\000m\000e\000n\000t\000a\000t\000i\000o\000n}{section.2}% 11
\BOOKMARK [2][-]{subsection.2.7}{\376\377\0002\000.\0007\000\040\000L\000i\000c\000e\000n\000s\000e}{section.2}% 12
\BOOKMARK [1][-]{section.3}{\376\377\0003\000\040\000N\000a\000m\000e\000s\000p\000a\000c\000e\000\040\000I\000n\000d\000e\000x}{}% 13
\BOOKMARK [2][-]{subsection.3.1}{\376\377\0003\000.\0001\000\040\000N\000a\000m\000e\000s\000p\000a\000c\000e\000\040\000L\000i\000s\000t}{section.3}% 14
\BOOKMARK [1][-]{section.4}{\376\377\0004\000\040\000C\000l\000a\000s\000s\000\040\000I\000n\000d\000e\000x}{}% 15
\BOOKMARK [2][-]{subsection.4.1}{\376\377\0004\000.\0001\000\040\000C\000l\000a\000s\000s\000\040\000L\000i\000s\000t}{section.4}% 16
\BOOKMARK [1][-]{section.5}{\376\377\0005\000\040\000F\000i\000l\000e\000\040\000I\000n\000d\000e\000x}{}% 17
\BOOKMARK [2][-]{subsection.5.1}{\376\377\0005\000.\0001\000\040\000F\000i\000l\000e\000\040\000L\000i\000s\000t}{section.5}% 18
\BOOKMARK [1][-]{section.6}{\376\377\0006\000\040\000N\000a\000m\000e\000s\000p\000a\000c\000e\000\040\000D\000o\000c\000u\000m\000e\000n\000t\000a\000t\000i\000o\000n}{}% 19
\BOOKMARK [2][-]{subsection.6.1}{\376\377\0006\000.\0001\000\040\000g\000r\000a\000p\000h\000\040\000N\000a\000m\000e\000s\000p\000a\000c\000e\000\040\000R\000e\000f\000e\000r\000e\000n\000c\000e}{section.6}% 20
\BOOKMARK [3][-]{subsubsection.6.1.1}{\376\377\0006\000.\0001\000.\0001\000\040\000F\000u\000n\000c\000t\000i\000o\000n\000\040\000D\000o\000c\000u\000m\000e\000n\000t\000a\000t\000i\000o\000n}{subsection.6.1}% 21
\BOOKMARK [3][-]{subsubsection.6.1.2}{\376\377\0006\000.\0001\000.\0002\000\040\000V\000a\000r\000i\000a\000b\000l\000e\000\040\000D\000o\000c\000u\000m\000e\000n\000t\000a\000t\000i\000o\000n}{subsection.6.1}% 22
\BOOKMARK [2][-]{subsection.6.2}{\376\377\0006\000.\0002\000\040\000g\000r\000a\000p\000h\000\137\000o\000n\000e\000l\000i\000n\000e\000\040\000N\000a\000m\000e\000s\000p\000a\000c\000e\000\040\000R\000e\000f\000e\000r\000e\000n\000c\000e}{section.6}% 23
\BOOKMARK [3][-]{subsubsection.6.2.1}{\376\377\0006\000.\0002\000.\0001\000\040\000F\000u\000n\000c\000t\000i\000o\000n\000\040\000D\000o\000c\000u\000m\000e\000n\000t\000a\000t\000i\000o\000n}{subsection.6.2}% 24
\BOOKMARK [3][-]{subsubsection.6.2.2}{\376\377\0006\000.\0002\000.\0002\000\040\000V\000a\000r\000i\000a\000b\000l\000e\000\040\000D\000o\000c\000u\000m\000e\000n\000t\000a\000t\000i\000o\000n}{subsection.6.2}% 25
\BOOKMARK [1][-]{section.7}{\376\377\0007\000\040\000C\000l\000a\000s\000s\000\040\000D\000o\000c\000u\000m\000e\000n\000t\000a\000t\000i\000o\000n}{}% 26
\BOOKMARK [2][-]{subsection.7.1}{\376\377\0007\000.\0001\000\040\000A\000l\000g\000o\000r\000i\000t\000h\000m\000\137\000P\000a\000r\000a\000m\000e\000t\000e\000r\000s\000\040\000S\000t\000r\000u\000c\000t\000\040\000R\000e\000f\000e\000r\000e\000n\000c\000e}{section.7}% 27
\BOOKMARK [3][-]{subsubsection.7.1.1}{\376\377\0007\000.\0001\000.\0001\000\040\000D\000e\000t\000a\000i\000l\000e\000d\000\040\000D\000e\000s\000c\000r\000i\000p\000t\000i\000o\000n}{subsection.7.1}% 28
\BOOKMARK [3][-]{subsubsection.7.1.2}{\376\377\0007\000.\0001\000.\0002\000\040\000M\000e\000m\000b\000e\000r\000\040\000D\000a\000t\000a\000\040\000D\000o\000c\000u\000m\000e\000n\000t\000a\000t\000i\000o\000n}{subsection.7.1}% 29
\BOOKMARK [2][-]{subsection.7.2}{\376\377\0007\000.\0002\000\040\000C\000C\000i\000r\000c\000u\000i\000t\000\040\000C\000l\000a\000s\000s\000\040\000R\000e\000f\000e\000r\000e\000n\000c\000e}{section.7}% 30
\BOOKMARK [3][-]{subsubsection.7.2.1}{\376\377\0007\000.\0002\000.\0001\000\040\000D\000e\000t\000a\000i\000l\000e\000d\000\040\000D\000e\000s\000c\000r\000i\000p\000t\000i\000o\000n}{subsection.7.2}% 31
\BOOKMARK [3][-]{subsubsection.7.2.2}{\376\377\0007\000.\0002\000.\0002\000\040\000C\000o\000n\000s\000t\000r\000u\000c\000t\000o\000r\000\040\000\046\000\040\000D\000e\000s\000t\000r\000u\000c\000t\000o\000r\000\040\000D\000o\000c\000u\000m\000e\000n\000t\000a\000t\000i\000o\000n}{subsection.7.2}% 32
\BOOKMARK [3][-]{subsubsection.7.2.3}{\376\377\0007\000.\0002\000.\0003\000\040\000M\000e\000m\000b\000e\000r\000\040\000F\000u\000n\000c\000t\000i\000o\000n\000\040\000D\000o\000c\000u\000m\000e\000n\000t\000a\000t\000i\000o\000n}{subsection.7.2}% 33
\BOOKMARK [2][-]{subsection.7.3}{\376\377\0007\000.\0003\000\040\000C\000S\000i\000m\000u\000l\000a\000t\000o\000r\000\040\000C\000l\000a\000s\000s\000\040\000R\000e\000f\000e\000r\000e\000n\000c\000e}{section.7}% 34
\BOOKMARK [3][-]{subsubsection.7.3.1}{\376\377\0007\000.\0003\000.\0001\000\040\000C\000o\000n\000s\000t\000r\000u\000c\000t\000o\000r\000\040\000\046\000\040\000D\000e\000s\000t\000r\000u\000c\000t\000o\000r\000\040\000D\000o\000c\000u\000m\000e\000n\000t\000a\000t\000i\000o\000n}{subsection.7.3}% 35
\BOOKMARK [3][-]{subsubsection.7.3.2}{\376\377\0007\000.\0003\000.\0002\000\040\000M\000e\000m\000b\000e\000r\000\040\000F\000u\000n\000c\000t\000i\000o\000n\000\040\000D\000o\000c\000u\000m\000e\000n\000t\000a\000t\000i\000o\000n}{subsection.7.3}% 36
\BOOKMARK [2][-]{subsection.7.4}{\376\377\0007\000.\0004\000\040\000C\000U\000n\000i\000t\000\040\000C\000l\000a\000s\000s\000\040\000R\000e\000f\000e\000r\000e\000n\000c\000e}{section.7}% 37
\BOOKMARK [3][-]{subsubsection.7.4.1}{\376\377\0007\000.\0004\000.\0001\000\040\000D\000e\000t\000a\000i\000l\000e\000d\000\040\000D\000e\000s\000c\000r\000i\000p\000t\000i\000o\000n}{subsection.7.4}% 38
\BOOKMARK [3][-]{subsubsection.7.4.2}{\376\377\0007\000.\0004\000.\0002\000\040\000C\000o\000n\000s\000t\000r\000u\000c\000t\000o\000r\000\040\000\046\000\040\000D\000e\000s\000t\000r\000u\000c\000t\000o\000r\000\040\000D\000o\000c\000u\000m\000e\000n\000t\000a\000t\000i\000o\000n}{subsection.7.4}% 39
\BOOKMARK [3][-]{subsubsection.7.4.3}{\376\377\0007\000.\0004\000.\0003\000\040\000M\000e\000m\000b\000e\000r\000\040\000F\000u\000n\000c\000t\000i\000o\000n\000\040\000D\000o\000c\000u\000m\000e\000n\000t\000a\000t\000i\000o\000n}{subsection.7.4}% 40
\BOOKMARK [3][-]{subsubsection.7.4.4}{\376\377\0007\000.\0004\000.\0004\000\040\000M\000e\000m\000b\000e\000r\000\040\000D\000a\000t\000a\000\040\000D\000o\000c\000u\000m\000e\000n\000t\000a\000t\000i\000o\000n}{subsection.7.4}% 41
\BOOKMARK [2][-]{subsection.7.5}{\376\377\0007\000.\0005\000\040\000G\000A\000\040\000C\000l\000a\000s\000s\000\040\000R\000e\000f\000e\000r\000e\000n\000c\000e}{section.7}% 42
\BOOKMARK [3][-]{subsubsection.7.5.1}{\376\377\0007\000.\0005\000.\0001\000\040\000C\000o\000n\000s\000t\000r\000u\000c\000t\000o\000r\000\040\000\046\000\040\000D\000e\000s\000t\000r\000u\000c\000t\000o\000r\000\040\000D\000o\000c\000u\000m\000e\000n\000t\000a\000t\000i\000o\000n}{subsection.7.5}% 43
\BOOKMARK [3][-]{subsubsection.7.5.2}{\376\377\0007\000.\0005\000.\0002\000\040\000M\000e\000m\000b\000e\000r\000\040\000F\000u\000n\000c\000t\000i\000o\000n\000\040\000D\000o\000c\000u\000m\000e\000n\000t\000a\000t\000i\000o\000n}{subsection.7.5}% 44
\BOOKMARK [3][-]{subsubsection.7.5.3}{\376\377\0007\000.\0005\000.\0003\000\040\000M\000e\000m\000b\000e\000r\000\040\000D\000a\000t\000a\000\040\000D\000o\000c\000u\000m\000e\000n\000t\000a\000t\000i\000o\000n}{subsection.7.5}% 45
\BOOKMARK [2][-]{subsection.7.6}{\376\377\0007\000.\0006\000\040\000S\000i\000m\000u\000l\000a\000t\000i\000o\000n\000P\000a\000r\000a\000m\000e\000t\000e\000r\000s\000\040\000S\000t\000r\000u\000c\000t\000\040\000R\000e\000f\000e\000r\000e\000n\000c\000e}{section.7}% 46
\BOOKMARK [3][-]{subsubsection.7.6.1}{\376\377\0007\000.\0006\000.\0001\000\040\000D\000e\000t\000a\000i\000l\000e\000d\000\040\000D\000e\000s\000c\000r\000i\000p\000t\000i\000o\000n}{subsection.7.6}% 47
\BOOKMARK [3][-]{subsubsection.7.6.2}{\376\377\0007\000.\0006\000.\0002\000\040\000M\000e\000m\000b\000e\000r\000\040\000D\000a\000t\000a\000\040\000D\000o\000c\000u\000m\000e\000n\000t\000a\000t\000i\000o\000n}{subsection.7.6}% 48
\BOOKMARK [1][-]{section.8}{\376\377\0008\000\040\000F\000i\000l\000e\000\040\000D\000o\000c\000u\000m\000e\000n\000t\000a\000t\000i\000o\000n}{}% 49
\BOOKMARK [2][-]{subsection.8.1}{\376\377\0008\000.\0001\000\040\000b\000u\000i\000l\000d\000/\000C\000M\000a\000k\000e\000C\000a\000c\000h\000e\000.\000t\000x\000t\000\040\000F\000i\000l\000e\000\040\000R\000e\000f\000e\000r\000e\000n\000c\000e}{section.8}% 50
\BOOKMARK [3][-]{subsubsection.8.1.1}{\376\377\0008\000.\0001\000.\0001\000\040\000V\000a\000r\000i\000a\000b\000l\000e\000\040\000D\000o\000c\000u\000m\000e\000n\000t\000a\000t\000i\000o\000n}{subsection.8.1}% 51
\BOOKMARK [2][-]{subsection.8.2}{\376\377\0008\000.\0002\000\040\000b\000u\000i\000l\000d\000/\000C\000M\000a\000k\000e\000F\000i\000l\000e\000s\000/\0003\000.\0001\0006\000.\0003\000/\000C\000o\000m\000p\000i\000l\000e\000r\000I\000d\000C\000/\000C\000M\000a\000k\000e\000C\000C\000o\000m\000p\000i\000l\000e\000r\000I\000d\000.\000c\000\040\000F\000i\000l\000e\000\040\000R\000e\000f\000e\000r\000e\000n\000c\000e}{section.8}% 52
\BOOKMARK [3][-]{subsubsection.8.2.1}{\376\377\0008\000.\0002\000.\0001\000\040\000M\000a\000c\000r\000o\000\040\000D\000e\000f\000i\000n\000i\000t\000i\000o\000n\000\040\000D\000o\000c\000u\000m\000e\000n\000t\000a\000t\000i\000o\000n}{subsection.8.2}% 53
\BOOKMARK [3][-]{subsubsection.8.2.2}{\376\377\0008\000.\0002\000.\0002\000\040\000F\000u\000n\000c\000t\000i\000o\000n\000\040\000D\000o\000c\000u\000m\000e\000n\000t\000a\000t\000i\000o\000n}{subsection.8.2}% 54
\BOOKMARK [3][-]{subsubsection.8.2.3}{\376\377\0008\000.\0002\000.\0003\000\040\000V\000a\000r\000i\000a\000b\000l\000e\000\040\000D\000o\000c\000u\000m\000e\000n\000t\000a\000t\000i\000o\000n}{subsection.8.2}% 55
\BOOKMARK [2][-]{subsection.8.3}{\376\377\0008\000.\0003\000\040\000C\000M\000a\000k\000e\000F\000i\000l\000e\000s\000/\0003\000.\0001\0006\000.\0003\000/\000C\000o\000m\000p\000i\000l\000e\000r\000I\000d\000C\000/\000C\000M\000a\000k\000e\000C\000C\000o\000m\000p\000i\000l\000e\000r\000I\000d\000.\000c\000\040\000F\000i\000l\000e\000\040\000R\000e\000f\000e\000r\000e\000n\000c\000e}{section.8}% 56
\BOOKMARK [3][-]{subsubsection.8.3.1}{\376\377\0008\000.\0003\000.\0001\000\040\000M\000a\000c\000r\000o\000\040\000D\000e\000f\000i\000n\000i\000t\000i\000o\000n\000\040\000D\000o\000c\000u\000m\000e\000n\000t\000a\000t\000i\000o\000n}{subsection.8.3}% 57
\BOOKMARK [3][-]{subsubsection.8.3.2}{\376\377\0008\000.\0003\000.\0002\000\040\000F\000u\000n\000c\000t\000i\000o\000n\000\040\000D\000o\000c\000u\000m\000e\000n\000t\000a\000t\000i\000o\000n}{subsection.8.3}% 58
\BOOKMARK [3][-]{subsubsection.8.3.3}{\376\377\0008\000.\0003\000.\0003\000\040\000V\000a\000r\000i\000a\000b\000l\000e\000\040\000D\000o\000c\000u\000m\000e\000n\000t\000a\000t\000i\000o\000n}{subsection.8.3}% 59
\BOOKMARK [2][-]{subsection.8.4}{\376\377\0008\000.\0004\000\040\000b\000u\000i\000l\000d\000/\000C\000M\000a\000k\000e\000F\000i\000l\000e\000s\000/\0003\000.\0001\0006\000.\0003\000/\000C\000o\000m\000p\000i\000l\000e\000r\000I\000d\000C\000X\000X\000/\000C\000M\000a\000k\000e\000C\000X\000X\000C\000o\000m\000p\000i\000l\000e\000r\000I\000d\000.\000c\000p\000p\000\040\000F\000i\000l\000e\000\040\000R\000e\000f\000e\000r\000e\000n\000c\000e}{section.8}% 60
\BOOKMARK [3][-]{subsubsection.8.4.1}{\376\377\0008\000.\0004\000.\0001\000\040\000M\000a\000c\000r\000o\000\040\000D\000e\000f\000i\000n\000i\000t\000i\000o\000n\000\040\000D\000o\000c\000u\000m\000e\000n\000t\000a\000t\000i\000o\000n}{subsection.8.4}% 61
\BOOKMARK [3][-]{subsubsection.8.4.2}{\376\377\0008\000.\0004\000.\0002\000\040\000F\000u\000n\000c\000t\000i\000o\000n\000\040\000D\000o\000c\000u\000m\000e\000n\000t\000a\000t\000i\000o\000n}{subsection.8.4}% 62
\BOOKMARK [3][-]{subsubsection.8.4.3}{\376\377\0008\000.\0004\000.\0003\000\040\000V\000a\000r\000i\000a\000b\000l\000e\000\040\000D\000o\000c\000u\000m\000e\000n\000t\000a\000t\000i\000o\000n}{subsection.8.4}% 63
\BOOKMARK [2][-]{subsection.8.5}{\376\377\0008\000.\0005\000\040\000C\000M\000a\000k\000e\000F\000i\000l\000e\000s\000/\0003\000.\0001\0006\000.\0003\000/\000C\000o\000m\000p\000i\000l\000e\000r\000I\000d\000C\000X\000X\000/\000C\000M\000a\000k\000e\000C\000X\000X\000C\000o\000m\000p\000i\000l\000e\000r\000I\000d\000.\000c\000p\000p\000\040\000F\000i\000l\000e\000\040\000R\000e\000f\000e\000r\000e\000n\000c\000e}{section.8}% 64
\BOOKMARK [3][-]{subsubsection.8.5.1}{\376\377\0008\000.\0005\000.\0001\000\040\000M\000a\000c\000r\000o\000\040\000D\000e\000f\000i\000n\000i\000t\000i\000o\000n\000\040\000D\000o\000c\000u\000m\000e\000n\000t\000a\000t\000i\000o\000n}{subsection.8.5}% 65
\BOOKMARK [3][-]{subsubsection.8.5.2}{\376\377\0008\000.\0005\000.\0002\000\040\000F\000u\000n\000c\000t\000i\000o\000n\000\040\000D\000o\000c\000u\000m\000e\000n\000t\000a\000t\000i\000o\000n}{subsection.8.5}% 66
\BOOKMARK [3][-]{subsubsection.8.5.3}{\376\377\0008\000.\0005\000.\0003\000\040\000V\000a\000r\000i\000a\000b\000l\000e\000\040\000D\000o\000c\000u\000m\000e\000n\000t\000a\000t\000i\000o\000n}{subsection.8.5}% 67
\BOOKMARK [2][-]{subsection.8.6}{\376\377\0008\000.\0006\000\040\000b\000u\000i\000l\000d\000/\000C\000M\000a\000k\000e\000F\000i\000l\000e\000s\000/\000C\000M\000a\000k\000e\000R\000u\000l\000e\000H\000a\000s\000h\000e\000s\000.\000t\000x\000t\000\040\000F\000i\000l\000e\000\040\000R\000e\000f\000e\000r\000e\000n\000c\000e}{section.8}% 68
\BOOKMARK [2][-]{subsection.8.7}{\376\377\0008\000.\0007\000\040\000C\000M\000a\000k\000e\000F\000i\000l\000e\000s\000/\000C\000M\000a\000k\000e\000R\000u\000l\000e\000H\000a\000s\000h\000e\000s\000.\000t\000x\000t\000\040\000F\000i\000l\000e\000\040\000R\000e\000f\000e\000r\000e\000n\000c\000e}{section.8}% 69
\BOOKMARK [2][-]{subsection.8.8}{\376\377\0008\000.\0008\000\040\000b\000u\000i\000l\000d\000/\000C\000M\000a\000k\000e\000F\000i\000l\000e\000s\000/\000F\000i\000n\000d\000M\000P\000I\000/\000t\000e\000s\000t\000\137\000m\000p\000i\000.\000c\000p\000p\000\040\000F\000i\000l\000e\000\040\000R\000e\000f\000e\000r\000e\000n\000c\000e}{section.8}% 70
\BOOKMARK [3][-]{subsubsection.8.8.1}{\376\377\0008\000.\0008\000.\0001\000\040\000F\000u\000n\000c\000t\000i\000o\000n\000\040\000D\000o\000c\000u\000m\000e\000n\000t\000a\000t\000i\000o\000n}{subsection.8.8}% 71
\BOOKMARK [2][-]{subsection.8.9}{\376\377\0008\000.\0009\000\040\000C\000M\000a\000k\000e\000F\000i\000l\000e\000s\000/\000F\000i\000n\000d\000M\000P\000I\000/\000t\000e\000s\000t\000\137\000m\000p\000i\000.\000c\000p\000p\000\040\000F\000i\000l\000e\000\040\000R\000e\000f\000e\000r\000e\000n\000c\000e}{section.8}% 72
\BOOKMARK [3][-]{subsubsection.8.9.1}{\376\377\0008\000.\0009\000.\0001\000\040\000F\000u\000n\000c\000t\000i\000o\000n\000\040\000D\000o\000c\000u\000m\000e\000n\000t\000a\000t\000i\000o\000n}{subsection.8.9}% 73
\BOOKMARK [2][-]{subsection.8.10}{\376\377\0008\000.\0001\0000\000\040\000b\000u\000i\000l\000d\000/\000C\000M\000a\000k\000e\000F\000i\000l\000e\000s\000/\000F\000i\000n\000d\000O\000p\000e\000n\000M\000P\000/\000O\000p\000e\000n\000M\000P\000C\000h\000e\000c\000k\000V\000e\000r\000s\000i\000o\000n\000.\000c\000\040\000F\000i\000l\000e\000\040\000R\000e\000f\000e\000r\000e\000n\000c\000e}{section.8}% 74
\BOOKMARK [3][-]{subsubsection.8.10.1}{\376\377\0008\000.\0001\0000\000.\0001\000\040\000F\000u\000n\000c\000t\000i\000o\000n\000\040\000D\000o\000c\000u\000m\000e\000n\000t\000a\000t\000i\000o\000n}{subsection.8.10}% 75
\BOOKMARK [3][-]{subsubsection.8.10.2}{\376\377\0008\000.\0001\0000\000.\0002\000\040\000V\000a\000r\000i\000a\000b\000l\000e\000\040\000D\000o\000c\000u\000m\000e\000n\000t\000a\000t\000i\000o\000n}{subsection.8.10}% 76
\BOOKMARK [2][-]{subsection.8.11}{\376\377\0008\000.\0001\0001\000\040\000C\000M\000a\000k\000e\000F\000i\000l\000e\000s\000/\000F\000i\000n\000d\000O\000p\000e\000n\000M\000P\000/\000O\000p\000e\000n\000M\000P\000C\000h\000e\000c\000k\000V\000e\000r\000s\000i\000o\000n\000.\000c\000\040\000F\000i\000l\000e\000\040\000R\000e\000f\000e\000r\000e\000n\000c\000e}{section.8}% 77
\BOOKMARK [3][-]{subsubsection.8.11.1}{\376\377\0008\000.\0001\0001\000.\0001\000\040\000F\000u\000n\000c\000t\000i\000o\000n\000\040\000D\000o\000c\000u\000m\000e\000n\000t\000a\000t\000i\000o\000n}{subsection.8.11}% 78
\BOOKMARK [3][-]{subsubsection.8.11.2}{\376\377\0008\000.\0001\0001\000.\0002\000\040\000V\000a\000r\000i\000a\000b\000l\000e\000\040\000D\000o\000c\000u\000m\000e\000n\000t\000a\000t\000i\000o\000n}{subsection.8.11}% 79
\BOOKMARK [2][-]{subsection.8.12}{\376\377\0008\000.\0001\0002\000\040\000b\000u\000i\000l\000d\000/\000C\000M\000a\000k\000e\000F\000i\000l\000e\000s\000/\000F\000i\000n\000d\000O\000p\000e\000n\000M\000P\000/\000O\000p\000e\000n\000M\000P\000C\000h\000e\000c\000k\000V\000e\000r\000s\000i\000o\000n\000.\000c\000p\000p\000\040\000F\000i\000l\000e\000\040\000R\000e\000f\000e\000r\000e\000n\000c\000e}{section.8}% 80
\BOOKMARK [3][-]{subsubsection.8.12.1}{\376\377\0008\000.\0001\0002\000.\0001\000\040\000F\000u\000n\000c\000t\000i\000o\000n\000\040\000D\000o\000c\000u\000m\000e\000n\000t\000a\000t\000i\000o\000n}{subsection.8.12}% 81
\BOOKMARK [3][-]{subsubsection.8.12.2}{\376\377\0008\000.\0001\0002\000.\0002\000\040\000V\000a\000r\000i\000a\000b\000l\000e\000\040\000D\000o\000c\000u\000m\000e\000n\000t\000a\000t\000i\000o\000n}{subsection.8.12}% 82
\BOOKMARK [2][-]{subsection.8.13}{\376\377\0008\000.\0001\0003\000\040\000C\000M\000a\000k\000e\000F\000i\000l\000e\000s\000/\000F\000i\000n\000d\000O\000p\000e\000n\000M\000P\000/\000O\000p\000e\000n\000M\000P\000C\000h\000e\000c\000k\000V\000e\000r\000s\000i\000o\000n\000.\000c\000p\000p\000\040\000F\000i\000l\000e\000\040\000R\000e\000f\000e\000r\000e\000n\000c\000e}{section.8}% 83
\BOOKMARK [3][-]{subsubsection.8.13.1}{\376\377\0008\000.\0001\0003\000.\0001\000\040\000F\000u\000n\000c\000t\000i\000o\000n\000\040\000D\000o\000c\000u\000m\000e\000n\000t\000a\000t\000i\000o\000n}{subsection.8.13}% 84
\BOOKMARK [3][-]{subsubsection.8.13.2}{\376\377\0008\000.\0001\0003\000.\0002\000\040\000V\000a\000r\000i\000a\000b\000l\000e\000\040\000D\000o\000c\000u\000m\000e\000n\000t\000a\000t\000i\000o\000n}{subsection.8.13}% 85
\BOOKMARK [2][-]{subsection.8.14}{\376\377\0008\000.\0001\0004\000\040\000b\000u\000i\000l\000d\000/\000C\000M\000a\000k\000e\000F\000i\000l\000e\000s\000/\000F\000i\000n\000d\000O\000p\000e\000n\000M\000P\000/\000O\000p\000e\000n\000M\000P\000T\000r\000y\000F\000l\000a\000g\000.\000c\000\040\000F\000i\000l\000e\000\040\000R\000e\000f\000e\000r\000e\000n\000c\000e}{section.8}% 86
\BOOKMARK [3][-]{subsubsection.8.14.1}{\376\377\0008\000.\0001\0004\000.\0001\000\040\000F\000u\000n\000c\000t\000i\000o\000n\000\040\000D\000o\000c\000u\000m\000e\000n\000t\000a\000t\000i\000o\000n}{subsection.8.14}% 87
\BOOKMARK [2][-]{subsection.8.15}{\376\377\0008\000.\0001\0005\000\040\000C\000M\000a\000k\000e\000F\000i\000l\000e\000s\000/\000F\000i\000n\000d\000O\000p\000e\000n\000M\000P\000/\000O\000p\000e\000n\000M\000P\000T\000r\000y\000F\000l\000a\000g\000.\000c\000\040\000F\000i\000l\000e\000\040\000R\000e\000f\000e\000r\000e\000n\000c\000e}{section.8}% 88
\BOOKMARK [3][-]{subsubsection.8.15.1}{\376\377\0008\000.\0001\0005\000.\0001\000\040\000F\000u\000n\000c\000t\000i\000o\000n\000\040\000D\000o\000c\000u\000m\000e\000n\000t\000a\000t\000i\000o\000n}{subsection.8.15}% 89
\BOOKMARK [2][-]{subsection.8.16}{\376\377\0008\000.\0001\0006\000\040\000b\000u\000i\000l\000d\000/\000C\000M\000a\000k\000e\000F\000i\000l\000e\000s\000/\000F\000i\000n\000d\000O\000p\000e\000n\000M\000P\000/\000O\000p\000e\000n\000M\000P\000T\000r\000y\000F\000l\000a\000g\000.\000c\000p\000p\000\040\000F\000i\000l\000e\000\040\000R\000e\000f\000e\000r\000e\000n\000c\000e}{section.8}% 90
\BOOKMARK [3][-]{subsubsection.8.16.1}{\376\377\0008\000.\0001\0006\000.\0001\000\040\000F\000u\000n\000c\000t\000i\000o\000n\000\040\000D\000o\000c\000u\000m\000e\000n\000t\000a\000t\000i\000o\000n}{subsection.8.16}% 91
\BOOKMARK [2][-]{subsection.8.17}{\376\377\0008\000.\0001\0007\000\040\000C\000M\000a\000k\000e\000F\000i\000l\000e\000s\000/\000F\000i\000n\000d\000O\000p\000e\000n\000M\000P\000/\000O\000p\000e\000n\000M\000P\000T\000r\000y\000F\000l\000a\000g\000.\000c\000p\000p\000\040\000F\000i\000l\000e\000\040\000R\000e\000f\000e\000r\000e\000n\000c\000e}{section.8}% 92
\BOOKMARK [3][-]{subsubsection.8.17.1}{\376\377\0008\000.\0001\0007\000.\0001\000\040\000F\000u\000n\000c\000t\000i\000o\000n\000\040\000D\000o\000c\000u\000m\000e\000n\000t\000a\000t\000i\000o\000n}{subsection.8.17}% 93
\BOOKMARK [2][-]{subsection.8.18}{\376\377\0008\000.\0001\0008\000\040\000b\000u\000i\000l\000d\000/\000C\000M\000a\000k\000e\000F\000i\000l\000e\000s\000/\000T\000a\000r\000g\000e\000t\000D\000i\000r\000e\000c\000t\000o\000r\000i\000e\000s\000.\000t\000x\000t\000\040\000F\000i\000l\000e\000\040\000R\000e\000f\000e\000r\000e\000n\000c\000e}{section.8}% 94
\BOOKMARK [2][-]{subsection.8.19}{\376\377\0008\000.\0001\0009\000\040\000C\000M\000a\000k\000e\000F\000i\000l\000e\000s\000/\000T\000a\000r\000g\000e\000t\000D\000i\000r\000e\000c\000t\000o\000r\000i\000e\000s\000.\000t\000x\000t\000\040\000F\000i\000l\000e\000\040\000R\000e\000f\000e\000r\000e\000n\000c\000e}{section.8}% 95
\BOOKMARK [2][-]{subsection.8.20}{\376\377\0008\000.\0002\0000\000\040\000b\000u\000i\000l\000d\000/\000D\000a\000r\000t\000C\000o\000n\000f\000i\000g\000u\000r\000a\000t\000i\000o\000n\000.\000t\000c\000l\000\040\000F\000i\000l\000e\000\040\000R\000e\000f\000e\000r\000e\000n\000c\000e}{section.8}% 96
\BOOKMARK [2][-]{subsection.8.21}{\376\377\0008\000.\0002\0001\000\040\000b\000u\000i\000l\000d\000/\000s\000r\000c\000/\000C\000M\000a\000k\000e\000F\000i\000l\000e\000s\000/\000C\000i\000r\000c\000u\000i\000t\000\137\000O\000p\000t\000i\000m\000i\000z\000e\000r\000.\000d\000i\000r\000/\000l\000i\000n\000k\000.\000t\000x\000t\000\040\000F\000i\000l\000e\000\040\000R\000e\000f\000e\000r\000e\000n\000c\000e}{section.8}% 97
\BOOKMARK [3][-]{subsubsection.8.21.1}{\376\377\0008\000.\0002\0001\000.\0001\000\040\000V\000a\000r\000i\000a\000b\000l\000e\000\040\000D\000o\000c\000u\000m\000e\000n\000t\000a\000t\000i\000o\000n}{subsection.8.21}% 98
\BOOKMARK [2][-]{subsection.8.22}{\376\377\0008\000.\0002\0002\000\040\000b\000u\000i\000l\000d\000/\000s\000r\000c\000/\000C\000M\000a\000k\000e\000F\000i\000l\000e\000s\000/\000c\000i\000r\000c\000u\000i\000t\000S\000i\000m\000u\000l\000a\000t\000o\000r\000.\000d\000i\000r\000/\000l\000i\000n\000k\000.\000t\000x\000t\000\040\000F\000i\000l\000e\000\040\000R\000e\000f\000e\000r\000e\000n\000c\000e}{section.8}% 99
\BOOKMARK [2][-]{subsection.8.23}{\376\377\0008\000.\0002\0003\000\040\000b\000u\000i\000l\000d\000/\000s\000r\000c\000/\000C\000M\000a\000k\000e\000F\000i\000l\000e\000s\000/\000g\000e\000n\000e\000t\000i\000c\000A\000l\000g\000o\000r\000i\000t\000h\000m\000.\000d\000i\000r\000/\000l\000i\000n\000k\000.\000t\000x\000t\000\040\000F\000i\000l\000e\000\040\000R\000e\000f\000e\000r\000e\000n\000c\000e}{section.8}% 100
\BOOKMARK [2][-]{subsection.8.24}{\376\377\0008\000.\0002\0004\000\040\000b\000u\000i\000l\000d\000/\000t\000e\000s\000t\000s\000/\000C\000M\000a\000k\000e\000F\000i\000l\000e\000s\000/\000s\000i\000m\000u\000l\000a\000t\000o\000r\000\137\000t\000e\000s\000t\000s\000.\000d\000i\000r\000/\000l\000i\000n\000k\000.\000t\000x\000t\000\040\000F\000i\000l\000e\000\040\000R\000e\000f\000e\000r\000e\000n\000c\000e}{section.8}% 101
\BOOKMARK [2][-]{subsection.8.25}{\376\377\0008\000.\0002\0005\000\040\000b\000u\000i\000l\000d\000/\000t\000e\000s\000t\000s\000/\000C\000M\000a\000k\000e\000F\000i\000l\000e\000s\000/\000t\000e\000s\000t\000\137\000G\000A\000.\000d\000i\000r\000/\000l\000i\000n\000k\000.\000t\000x\000t\000\040\000F\000i\000l\000e\000\040\000R\000e\000f\000e\000r\000e\000n\000c\000e}{section.8}% 102
\BOOKMARK [3][-]{subsubsection.8.25.1}{\376\377\0008\000.\0002\0005\000.\0001\000\040\000V\000a\000r\000i\000a\000b\000l\000e\000\040\000D\000o\000c\000u\000m\000e\000n\000t\000a\000t\000i\000o\000n}{subsection.8.25}% 103
\BOOKMARK [2][-]{subsection.8.26}{\376\377\0008\000.\0002\0006\000\040\000b\000u\000i\000l\000d\000/\000t\000e\000s\000t\000s\000/\000C\000M\000a\000k\000e\000F\000i\000l\000e\000s\000/\000t\000e\000s\000t\000\137\000s\000i\000m\000u\000l\000a\000t\000o\000r\000.\000d\000i\000r\000/\000l\000i\000n\000k\000.\000t\000x\000t\000\040\000F\000i\000l\000e\000\040\000R\000e\000f\000e\000r\000e\000n\000c\000e}{section.8}% 104
\BOOKMARK [3][-]{subsubsection.8.26.1}{\376\377\0008\000.\0002\0006\000.\0001\000\040\000V\000a\000r\000i\000a\000b\000l\000e\000\040\000D\000o\000c\000u\000m\000e\000n\000t\000a\000t\000i\000o\000n}{subsection.8.26}% 105
\BOOKMARK [2][-]{subsection.8.27}{\376\377\0008\000.\0002\0007\000\040\000b\000u\000i\000l\000d\000/\000t\000e\000s\000t\000s\000/\000C\000M\000a\000k\000e\000F\000i\000l\000e\000s\000/\000t\000e\000s\000t\000\137\000v\000a\000l\000i\000d\000i\000t\000y\000.\000d\000i\000r\000/\000l\000i\000n\000k\000.\000t\000x\000t\000\040\000F\000i\000l\000e\000\040\000R\000e\000f\000e\000r\000e\000n\000c\000e}{section.8}% 106
\BOOKMARK [3][-]{subsubsection.8.27.1}{\376\377\0008\000.\0002\0007\000.\0001\000\040\000V\000a\000r\000i\000a\000b\000l\000e\000\040\000D\000o\000c\000u\000m\000e\000n\000t\000a\000t\000i\000o\000n}{subsection.8.27}% 107
\BOOKMARK [2][-]{subsection.8.28}{\376\377\0008\000.\0002\0008\000\040\000s\000r\000c\000/\000C\000M\000a\000k\000e\000F\000i\000l\000e\000s\000/\000C\000i\000r\000c\000u\000i\000t\000\137\000O\000p\000t\000i\000m\000i\000z\000e\000r\000.\000d\000i\000r\000/\000l\000i\000n\000k\000.\000t\000x\000t\000\040\000F\000i\000l\000e\000\040\000R\000e\000f\000e\000r\000e\000n\000c\000e}{section.8}% 108
\BOOKMARK [3][-]{subsubsection.8.28.1}{\376\377\0008\000.\0002\0008\000.\0001\000\040\000V\000a\000r\000i\000a\000b\000l\000e\000\040\000D\000o\000c\000u\000m\000e\000n\000t\000a\000t\000i\000o\000n}{subsection.8.28}% 109
\BOOKMARK [2][-]{subsection.8.29}{\376\377\0008\000.\0002\0009\000\040\000s\000r\000c\000/\000C\000M\000a\000k\000e\000F\000i\000l\000e\000s\000/\000c\000i\000r\000c\000u\000i\000t\000S\000i\000m\000u\000l\000a\000t\000o\000r\000.\000d\000i\000r\000/\000l\000i\000n\000k\000.\000t\000x\000t\000\040\000F\000i\000l\000e\000\040\000R\000e\000f\000e\000r\000e\000n\000c\000e}{section.8}% 110
\BOOKMARK [2][-]{subsection.8.30}{\376\377\0008\000.\0003\0000\000\040\000s\000r\000c\000/\000C\000M\000a\000k\000e\000F\000i\000l\000e\000s\000/\000g\000e\000n\000e\000t\000i\000c\000A\000l\000g\000o\000r\000i\000t\000h\000m\000.\000d\000i\000r\000/\000l\000i\000n\000k\000.\000t\000x\000t\000\040\000F\000i\000l\000e\000\040\000R\000e\000f\000e\000r\000e\000n\000c\000e}{section.8}% 111
\BOOKMARK [2][-]{subsection.8.31}{\376\377\0008\000.\0003\0001\000\040\000t\000e\000s\000t\000s\000/\000C\000M\000a\000k\000e\000F\000i\000l\000e\000s\000/\000s\000i\000m\000u\000l\000a\000t\000o\000r\000\137\000t\000e\000s\000t\000s\000.\000d\000i\000r\000/\000l\000i\000n\000k\000.\000t\000x\000t\000\040\000F\000i\000l\000e\000\040\000R\000e\000f\000e\000r\000e\000n\000c\000e}{section.8}% 112
\BOOKMARK [2][-]{subsection.8.32}{\376\377\0008\000.\0003\0002\000\040\000t\000e\000s\000t\000s\000/\000C\000M\000a\000k\000e\000F\000i\000l\000e\000s\000/\000t\000e\000s\000t\000\137\000s\000i\000m\000u\000l\000a\000t\000o\000r\000.\000d\000i\000r\000/\000l\000i\000n\000k\000.\000t\000x\000t\000\040\000F\000i\000l\000e\000\040\000R\000e\000f\000e\000r\000e\000n\000c\000e}{section.8}% 113
\BOOKMARK [2][-]{subsection.8.33}{\376\377\0008\000.\0003\0003\000\040\000t\000e\000s\000t\000s\000/\000C\000M\000a\000k\000e\000F\000i\000l\000e\000s\000/\000t\000e\000s\000t\000\137\000v\000a\000l\000i\000d\000i\000t\000y\000.\000d\000i\000r\000/\000l\000i\000n\000k\000.\000t\000x\000t\000\040\000F\000i\000l\000e\000\040\000R\000e\000f\000e\000r\000e\000n\000c\000e}{section.8}% 114
\BOOKMARK [2][-]{subsection.8.34}{\376\377\0008\000.\0003\0004\000\040\000b\000u\000i\000l\000d\000/\000T\000e\000s\000t\000i\000n\000g\000/\000T\000e\000m\000p\000o\000r\000a\000r\000y\000/\000C\000T\000e\000s\000t\000C\000o\000s\000t\000D\000a\000t\000a\000.\000t\000x\000t\000\040\000F\000i\000l\000e\000\040\000R\000e\000f\000e\000r\000e\000n\000c\000e}{section.8}% 115
\BOOKMARK [2][-]{subsection.8.35}{\376\377\0008\000.\0003\0005\000\040\000T\000e\000s\000t\000i\000n\000g\000/\000T\000e\000m\000p\000o\000r\000a\000r\000y\000/\000C\000T\000e\000s\000t\000C\000o\000s\000t\000D\000a\000t\000a\000.\000t\000x\000t\000\040\000F\000i\000l\000e\000\040\000R\000e\000f\000e\000r\000e\000n\000c\000e}{section.8}% 116
\BOOKMARK [2][-]{subsection.8.36}{\376\377\0008\000.\0003\0006\000\040\000C\000M\000a\000k\000e\000L\000i\000s\000t\000s\000.\000t\000x\000t\000\040\000F\000i\000l\000e\000\040\000R\000e\000f\000e\000r\000e\000n\000c\000e}{section.8}% 117
\BOOKMARK [2][-]{subsection.8.37}{\376\377\0008\000.\0003\0007\000\040\000s\000r\000c\000/\000C\000M\000a\000k\000e\000L\000i\000s\000t\000s\000.\000t\000x\000t\000\040\000F\000i\000l\000e\000\040\000R\000e\000f\000e\000r\000e\000n\000c\000e}{section.8}% 118
\BOOKMARK [3][-]{subsubsection.8.37.1}{\376\377\0008\000.\0003\0007\000.\0001\000\040\000F\000u\000n\000c\000t\000i\000o\000n\000\040\000D\000o\000c\000u\000m\000e\000n\000t\000a\000t\000i\000o\000n}{subsection.8.37}% 119
\BOOKMARK [2][-]{subsection.8.38}{\376\377\0008\000.\0003\0008\000\040\000t\000e\000s\000t\000s\000/\000C\000M\000a\000k\000e\000L\000i\000s\000t\000s\000.\000t\000x\000t\000\040\000F\000i\000l\000e\000\040\000R\000e\000f\000e\000r\000e\000n\000c\000e}{section.8}% 120
\BOOKMARK [3][-]{subsubsection.8.38.1}{\376\377\0008\000.\0003\0008\000.\0001\000\040\000F\000u\000n\000c\000t\000i\000o\000n\000\040\000D\000o\000c\000u\000m\000e\000n\000t\000a\000t\000i\000o\000n}{subsection.8.38}% 121
\BOOKMARK [2][-]{subsection.8.39}{\376\377\0008\000.\0003\0009\000\040\000i\000n\000c\000l\000u\000d\000e\000/\000C\000C\000i\000r\000c\000u\000i\000t\000.\000h\000\040\000F\000i\000l\000e\000\040\000R\000e\000f\000e\000r\000e\000n\000c\000e}{section.8}% 122
\BOOKMARK [2][-]{subsection.8.40}{\376\377\0008\000.\0004\0000\000\040\000i\000n\000c\000l\000u\000d\000e\000/\000C\000S\000i\000m\000u\000l\000a\000t\000o\000r\000.\000h\000\040\000F\000i\000l\000e\000\040\000R\000e\000f\000e\000r\000e\000n\000c\000e}{section.8}% 123
\BOOKMARK [3][-]{subsubsection.8.40.1}{\376\377\0008\000.\0004\0000\000.\0001\000\040\000F\000u\000n\000c\000t\000i\000o\000n\000\040\000D\000o\000c\000u\000m\000e\000n\000t\000a\000t\000i\000o\000n}{subsection.8.40}% 124
\BOOKMARK [2][-]{subsection.8.41}{\376\377\0008\000.\0004\0001\000\040\000i\000n\000c\000l\000u\000d\000e\000/\000C\000U\000n\000i\000t\000.\000h\000\040\000F\000i\000l\000e\000\040\000R\000e\000f\000e\000r\000e\000n\000c\000e}{section.8}% 125
\BOOKMARK [2][-]{subsection.8.42}{\376\377\0008\000.\0004\0002\000\040\000i\000n\000c\000l\000u\000d\000e\000/\000G\000e\000n\000e\000t\000i\000c\000\137\000A\000l\000g\000o\000r\000i\000t\000h\000m\000.\000h\000\040\000F\000i\000l\000e\000\040\000R\000e\000f\000e\000r\000e\000n\000c\000e}{section.8}% 126
\BOOKMARK [2][-]{subsection.8.43}{\376\377\0008\000.\0004\0003\000\040\000L\000I\000C\000E\000N\000S\000E\000.\000m\000d\000\040\000F\000i\000l\000e\000\040\000R\000e\000f\000e\000r\000e\000n\000c\000e}{section.8}% 127
\BOOKMARK [2][-]{subsection.8.44}{\376\377\0008\000.\0004\0004\000\040\000R\000E\000A\000D\000M\000E\000.\000m\000d\000\040\000F\000i\000l\000e\000\040\000R\000e\000f\000e\000r\000e\000n\000c\000e}{section.8}% 128
\BOOKMARK [2][-]{subsection.8.45}{\376\377\0008\000.\0004\0005\000\040\000s\000r\000c\000/\000C\000C\000i\000r\000c\000u\000i\000t\000.\000c\000p\000p\000\040\000F\000i\000l\000e\000\040\000R\000e\000f\000e\000r\000e\000n\000c\000e}{section.8}% 129
\BOOKMARK [2][-]{subsection.8.46}{\376\377\0008\000.\0004\0006\000\040\000s\000r\000c\000/\000C\000S\000i\000m\000u\000l\000a\000t\000o\000r\000.\000c\000p\000p\000\040\000F\000i\000l\000e\000\040\000R\000e\000f\000e\000r\000e\000n\000c\000e}{section.8}% 130
\BOOKMARK [3][-]{subsubsection.8.46.1}{\376\377\0008\000.\0004\0006\000.\0001\000\040\000D\000e\000t\000a\000i\000l\000e\000d\000\040\000D\000e\000s\000c\000r\000i\000p\000t\000i\000o\000n}{subsection.8.46}% 131
\BOOKMARK [3][-]{subsubsection.8.46.2}{\376\377\0008\000.\0004\0006\000.\0002\000\040\000F\000u\000n\000c\000t\000i\000o\000n\000\040\000D\000o\000c\000u\000m\000e\000n\000t\000a\000t\000i\000o\000n}{subsection.8.46}% 132
\BOOKMARK [2][-]{subsection.8.47}{\376\377\0008\000.\0004\0007\000\040\000s\000r\000c\000/\000G\000e\000n\000e\000t\000i\000c\000\137\000A\000l\000g\000o\000r\000i\000t\000h\000m\000.\000c\000p\000p\000\040\000F\000i\000l\000e\000\040\000R\000e\000f\000e\000r\000e\000n\000c\000e}{section.8}% 133
\BOOKMARK [3][-]{subsubsection.8.47.1}{\376\377\0008\000.\0004\0007\000.\0001\000\040\000F\000u\000n\000c\000t\000i\000o\000n\000\040\000D\000o\000c\000u\000m\000e\000n\000t\000a\000t\000i\000o\000n}{subsection.8.47}% 134
\BOOKMARK [2][-]{subsection.8.48}{\376\377\0008\000.\0004\0008\000\040\000s\000r\000c\000/\000g\000r\000a\000p\000h\000.\000p\000y\000\040\000F\000i\000l\000e\000\040\000R\000e\000f\000e\000r\000e\000n\000c\000e}{section.8}% 135
\BOOKMARK [2][-]{subsection.8.49}{\376\377\0008\000.\0004\0009\000\040\000s\000r\000c\000/\000g\000r\000a\000p\000h\000\137\000o\000n\000e\000l\000i\000n\000e\000.\000p\000y\000\040\000F\000i\000l\000e\000\040\000R\000e\000f\000e\000r\000e\000n\000c\000e}{section.8}% 136
\BOOKMARK [2][-]{subsection.8.50}{\376\377\0008\000.\0005\0000\000\040\000s\000r\000c\000/\000m\000a\000i\000n\000.\000c\000p\000p\000\040\000F\000i\000l\000e\000\040\000R\000e\000f\000e\000r\000e\000n\000c\000e}{section.8}% 137
\BOOKMARK [3][-]{subsubsection.8.50.1}{\376\377\0008\000.\0005\0000\000.\0001\000\040\000F\000u\000n\000c\000t\000i\000o\000n\000\040\000D\000o\000c\000u\000m\000e\000n\000t\000a\000t\000i\000o\000n}{subsection.8.50}% 138
\BOOKMARK [2][-]{subsection.8.51}{\376\377\0008\000.\0005\0001\000\040\000t\000e\000s\000t\000s\000/\000t\000e\000s\000t\000\137\000G\000A\000.\000c\000p\000p\000\040\000F\000i\000l\000e\000\040\000R\000e\000f\000e\000r\000e\000n\000c\000e}{section.8}% 139
\BOOKMARK [3][-]{subsubsection.8.51.1}{\376\377\0008\000.\0005\0001\000.\0001\000\040\000F\000u\000n\000c\000t\000i\000o\000n\000\040\000D\000o\000c\000u\000m\000e\000n\000t\000a\000t\000i\000o\000n}{subsection.8.51}% 140
\BOOKMARK [2][-]{subsection.8.52}{\376\377\0008\000.\0005\0002\000\040\000t\000e\000s\000t\000s\000/\000t\000e\000s\000t\000\137\000s\000i\000m\000u\000l\000a\000t\000o\000r\000.\000c\000p\000p\000\040\000F\000i\000l\000e\000\040\000R\000e\000f\000e\000r\000e\000n\000c\000e}{section.8}% 141
\BOOKMARK [3][-]{subsubsection.8.52.1}{\376\377\0008\000.\0005\0002\000.\0001\000\040\000F\000u\000n\000c\000t\000i\000o\000n\000\040\000D\000o\000c\000u\000m\000e\000n\000t\000a\000t\000i\000o\000n}{subsection.8.52}% 142
\BOOKMARK [2][-]{subsection.8.53}{\376\377\0008\000.\0005\0003\000\040\000t\000e\000s\000t\000s\000/\000t\000e\000s\000t\000\137\000v\000a\000l\000i\000d\000i\000t\000y\000.\000c\000p\000p\000\040\000F\000i\000l\000e\000\040\000R\000e\000f\000e\000r\000e\000n\000c\000e}{section.8}% 143
\BOOKMARK [3][-]{subsubsection.8.53.1}{\376\377\0008\000.\0005\0003\000.\0001\000\040\000F\000u\000n\000c\000t\000i\000o\000n\000\040\000D\000o\000c\000u\000m\000e\000n\000t\000a\000t\000i\000o\000n}{subsection.8.53}% 144
\BOOKMARK [1][-]{section*.90}{\376\377\000I\000n\000d\000e\000x}{}% 145
